[0.069s] DEBUG:colcon:Command line arguments: ['/usr/bin/colcon', 'build']
[0.069s] DEBUG:colcon:Parsed command line arguments: Namespace(log_base=None, log_level=None, verb_name='build', build_base='build', install_base='install', merge_install=False, symlink_install=False, test_result_base=None, continue_on_error=False, executor='parallel', parallel_workers=8, event_handlers=None, ignore_user_meta=False, metas=['./colcon.meta'], base_paths=['.'], packages_ignore=None, packages_ignore_regex=None, paths=None, packages_up_to=None, packages_up_to_regex=None, packages_above=None, packages_above_and_dependencies=None, packages_above_depth=None, packages_select_by_dep=None, packages_skip_by_dep=None, packages_skip_up_to=None, packages_select_build_failed=False, packages_skip_build_finished=False, packages_select_test_failures=False, packages_skip_test_passed=False, packages_select=None, packages_skip=None, packages_select_regex=None, packages_skip_regex=None, packages_start=None, packages_end=None, allow_overriding=[], cmake_args=None, cmake_target=None, cmake_target_skip_unavailable=False, cmake_clean_cache=False, cmake_clean_first=False, cmake_force_configure=False, ament_cmake_args=None, catkin_cmake_args=None, catkin_skip_building_tests=False, mixin_files=None, mixin=None, verb_parser=<colcon_mixin.mixin.mixin_argument.MixinArgumentDecorator object at 0x76125d866560>, verb_extension=<colcon_core.verb.build.BuildVerb object at 0x76125d865b40>, main=<bound method BuildVerb.main of <colcon_core.verb.build.BuildVerb object at 0x76125d865b40>>, mixin_verb=('build',))
[0.173s] Level 1:colcon.colcon_core.package_discovery:discover_packages(colcon_meta) check parameters
[0.173s] Level 1:colcon.colcon_core.package_discovery:discover_packages(recursive) check parameters
[0.173s] Level 1:colcon.colcon_core.package_discovery:discover_packages(ignore) check parameters
[0.173s] Level 1:colcon.colcon_core.package_discovery:discover_packages(path) check parameters
[0.173s] Level 1:colcon.colcon_core.package_discovery:discover_packages(colcon_meta) discover
[0.173s] Level 1:colcon.colcon_core.package_discovery:discover_packages(recursive) discover
[0.173s] INFO:colcon.colcon_core.package_discovery:Crawling recursively for packages in '/home/dfc/chapt4/chapt4_ws'
[0.173s] Level 1:colcon.colcon_core.package_identification:_identify(.) by extensions ['ignore', 'ignore_ament_install']
[0.173s] Level 1:colcon.colcon_core.package_identification:_identify(.) by extension 'ignore'
[0.173s] Level 1:colcon.colcon_core.package_identification:_identify(.) by extension 'ignore_ament_install'
[0.173s] Level 1:colcon.colcon_core.package_identification:_identify(.) by extensions ['colcon_pkg']
[0.173s] Level 1:colcon.colcon_core.package_identification:_identify(.) by extension 'colcon_pkg'
[0.173s] Level 1:colcon.colcon_core.package_identification:_identify(.) by extensions ['colcon_meta']
[0.173s] Level 1:colcon.colcon_core.package_identification:_identify(.) by extension 'colcon_meta'
[0.173s] Level 1:colcon.colcon_core.package_identification:_identify(.) by extensions ['ros']
[0.173s] Level 1:colcon.colcon_core.package_identification:_identify(.) by extension 'ros'
[0.179s] Level 1:colcon.colcon_core.package_identification:_identify(.) by extensions ['cmake', 'python']
[0.179s] Level 1:colcon.colcon_core.package_identification:_identify(.) by extension 'cmake'
[0.179s] Level 1:colcon.colcon_core.package_identification:_identify(.) by extension 'python'
[0.179s] Level 1:colcon.colcon_core.package_identification:_identify(.) by extensions ['python_setup_py']
[0.179s] Level 1:colcon.colcon_core.package_identification:_identify(.) by extension 'python_setup_py'
[0.180s] Level 1:colcon.colcon_core.package_identification:_identify(build) by extensions ['ignore', 'ignore_ament_install']
[0.180s] Level 1:colcon.colcon_core.package_identification:_identify(build) by extension 'ignore'
[0.180s] Level 1:colcon.colcon_core.package_identification:_identify(build) ignored
[0.180s] Level 1:colcon.colcon_core.package_identification:_identify(install) by extensions ['ignore', 'ignore_ament_install']
[0.180s] Level 1:colcon.colcon_core.package_identification:_identify(install) by extension 'ignore'
[0.180s] Level 1:colcon.colcon_core.package_identification:_identify(install) ignored
[0.180s] Level 1:colcon.colcon_core.package_identification:_identify(log) by extensions ['ignore', 'ignore_ament_install']
[0.180s] Level 1:colcon.colcon_core.package_identification:_identify(log) by extension 'ignore'
[0.180s] Level 1:colcon.colcon_core.package_identification:_identify(log) ignored
[0.180s] Level 1:colcon.colcon_core.package_identification:_identify(src) by extensions ['ignore', 'ignore_ament_install']
[0.180s] Level 1:colcon.colcon_core.package_identification:_identify(src) by extension 'ignore'
[0.180s] Level 1:colcon.colcon_core.package_identification:_identify(src) by extension 'ignore_ament_install'
[0.180s] Level 1:colcon.colcon_core.package_identification:_identify(src) by extensions ['colcon_pkg']
[0.180s] Level 1:colcon.colcon_core.package_identification:_identify(src) by extension 'colcon_pkg'
[0.180s] Level 1:colcon.colcon_core.package_identification:_identify(src) by extensions ['colcon_meta']
[0.180s] Level 1:colcon.colcon_core.package_identification:_identify(src) by extension 'colcon_meta'
[0.180s] Level 1:colcon.colcon_core.package_identification:_identify(src) by extensions ['ros']
[0.180s] Level 1:colcon.colcon_core.package_identification:_identify(src) by extension 'ros'
[0.180s] Level 1:colcon.colcon_core.package_identification:_identify(src) by extensions ['cmake', 'python']
[0.180s] Level 1:colcon.colcon_core.package_identification:_identify(src) by extension 'cmake'
[0.180s] Level 1:colcon.colcon_core.package_identification:_identify(src) by extension 'python'
[0.180s] Level 1:colcon.colcon_core.package_identification:_identify(src) by extensions ['python_setup_py']
[0.180s] Level 1:colcon.colcon_core.package_identification:_identify(src) by extension 'python_setup_py'
[0.180s] Level 1:colcon.colcon_core.package_identification:_identify(src/chapt4_interfaces) by extensions ['ignore', 'ignore_ament_install']
[0.181s] Level 1:colcon.colcon_core.package_identification:_identify(src/chapt4_interfaces) by extension 'ignore'
[0.181s] Level 1:colcon.colcon_core.package_identification:_identify(src/chapt4_interfaces) by extension 'ignore_ament_install'
[0.181s] Level 1:colcon.colcon_core.package_identification:_identify(src/chapt4_interfaces) by extensions ['colcon_pkg']
[0.181s] Level 1:colcon.colcon_core.package_identification:_identify(src/chapt4_interfaces) by extension 'colcon_pkg'
[0.181s] Level 1:colcon.colcon_core.package_identification:_identify(src/chapt4_interfaces) by extensions ['colcon_meta']
[0.181s] Level 1:colcon.colcon_core.package_identification:_identify(src/chapt4_interfaces) by extension 'colcon_meta'
[0.181s] Level 1:colcon.colcon_core.package_identification:_identify(src/chapt4_interfaces) by extensions ['ros']
[0.181s] Level 1:colcon.colcon_core.package_identification:_identify(src/chapt4_interfaces) by extension 'ros'
[0.182s] DEBUG:colcon.colcon_core.package_identification:Package 'src/chapt4_interfaces' with type 'ros.ament_cmake' and name 'chapt4_interfaces'
[0.182s] Level 1:colcon.colcon_core.package_discovery:discover_packages(recursive) using defaults
[0.182s] Level 1:colcon.colcon_core.package_discovery:discover_packages(ignore) discover
[0.182s] Level 1:colcon.colcon_core.package_discovery:discover_packages(ignore) using defaults
[0.182s] Level 1:colcon.colcon_core.package_discovery:discover_packages(path) discover
[0.182s] Level 1:colcon.colcon_core.package_discovery:discover_packages(path) using defaults
[0.199s] Level 1:colcon.colcon_core.package_discovery:discover_packages(prefix_path) check parameters
[0.199s] Level 1:colcon.colcon_core.package_discovery:discover_packages(prefix_path) discover
[0.200s] DEBUG:colcon.colcon_installed_package_information.package_discovery:Found 3 installed packages in /home/dfc/ros2_ws/install
[0.201s] DEBUG:colcon.colcon_installed_package_information.package_discovery:Found 370 installed packages in /opt/ros/humble
[0.202s] Level 1:colcon.colcon_core.package_discovery:discover_packages(prefix_path) using defaults
[0.225s] Level 5:colcon.colcon_core.verb:set package 'chapt4_interfaces' build argument 'cmake_args' from command line to 'None'
[0.225s] Level 5:colcon.colcon_core.verb:set package 'chapt4_interfaces' build argument 'cmake_target' from command line to 'None'
[0.225s] Level 5:colcon.colcon_core.verb:set package 'chapt4_interfaces' build argument 'cmake_target_skip_unavailable' from command line to 'False'
[0.225s] Level 5:colcon.colcon_core.verb:set package 'chapt4_interfaces' build argument 'cmake_clean_cache' from command line to 'False'
[0.225s] Level 5:colcon.colcon_core.verb:set package 'chapt4_interfaces' build argument 'cmake_clean_first' from command line to 'False'
[0.225s] Level 5:colcon.colcon_core.verb:set package 'chapt4_interfaces' build argument 'cmake_force_configure' from command line to 'False'
[0.225s] Level 5:colcon.colcon_core.verb:set package 'chapt4_interfaces' build argument 'ament_cmake_args' from command line to 'None'
[0.225s] Level 5:colcon.colcon_core.verb:set package 'chapt4_interfaces' build argument 'catkin_cmake_args' from command line to 'None'
[0.225s] Level 5:colcon.colcon_core.verb:set package 'chapt4_interfaces' build argument 'catkin_skip_building_tests' from command line to 'False'
[0.225s] DEBUG:colcon.colcon_core.verb:Building package 'chapt4_interfaces' with the following arguments: {'ament_cmake_args': None, 'build_base': '/home/dfc/chapt4/chapt4_ws/build/chapt4_interfaces', 'catkin_cmake_args': None, 'catkin_skip_building_tests': False, 'cmake_args': None, 'cmake_clean_cache': False, 'cmake_clean_first': False, 'cmake_force_configure': False, 'cmake_target': None, 'cmake_target_skip_unavailable': False, 'install_base': '/home/dfc/chapt4/chapt4_ws/install/chapt4_interfaces', 'merge_install': False, 'path': '/home/dfc/chapt4/chapt4_ws/src/chapt4_interfaces', 'symlink_install': False, 'test_result_base': None}
[0.225s] INFO:colcon.colcon_core.executor:Executing jobs using 'parallel' executor
[0.226s] DEBUG:colcon.colcon_parallel_executor.executor.parallel:run_until_complete
[0.226s] INFO:colcon.colcon_ros.task.ament_cmake.build:Building ROS package in '/home/dfc/chapt4/chapt4_ws/src/chapt4_interfaces' with build type 'ament_cmake'
[0.226s] INFO:colcon.colcon_cmake.task.cmake.build:Building CMake package in '/home/dfc/chapt4/chapt4_ws/src/chapt4_interfaces'
[0.228s] INFO:colcon.colcon_core.plugin_system:Skipping extension 'colcon_core.shell.bat': Not used on non-Windows systems
[0.228s] INFO:colcon.colcon_core.shell:Skip shell extension 'powershell' for command environment: Not usable outside of PowerShell
[0.228s] DEBUG:colcon.colcon_core.shell:Skip shell extension 'dsv' for command environment
[0.233s] DEBUG:colcon.colcon_core.event_handler.log_command:Invoking command in '/home/dfc/chapt4/chapt4_ws/build/chapt4_interfaces': CMAKE_PREFIX_PATH=${CMAKE_PREFIX_PATH}:/opt/ros/humble /usr/bin/cmake /home/dfc/chapt4/chapt4_ws/src/chapt4_interfaces -DCMAKE_INSTALL_PREFIX=/home/dfc/chapt4/chapt4_ws/install/chapt4_interfaces
[1.188s] DEBUG:colcon.colcon_core.event_handler.log_command:Invoked command in '/home/dfc/chapt4/chapt4_ws/build/chapt4_interfaces' returned '0': CMAKE_PREFIX_PATH=${CMAKE_PREFIX_PATH}:/opt/ros/humble /usr/bin/cmake /home/dfc/chapt4/chapt4_ws/src/chapt4_interfaces -DCMAKE_INSTALL_PREFIX=/home/dfc/chapt4/chapt4_ws/install/chapt4_interfaces
[1.188s] DEBUG:colcon.colcon_core.event_handler.log_command:Invoking command in '/home/dfc/chapt4/chapt4_ws/build/chapt4_interfaces': CMAKE_PREFIX_PATH=${CMAKE_PREFIX_PATH}:/opt/ros/humble /usr/bin/cmake --build /home/dfc/chapt4/chapt4_ws/build/chapt4_interfaces -- -j8 -l8
[2.785s] DEBUG:colcon.colcon_core.event_handler.log_command:Invoked command in '/home/dfc/chapt4/chapt4_ws/build/chapt4_interfaces' returned '0': CMAKE_PREFIX_PATH=${CMAKE_PREFIX_PATH}:/opt/ros/humble /usr/bin/cmake --build /home/dfc/chapt4/chapt4_ws/build/chapt4_interfaces -- -j8 -l8
[2.792s] DEBUG:colcon.colcon_core.event_handler.log_command:Invoking command in '/home/dfc/chapt4/chapt4_ws/build/chapt4_interfaces': CMAKE_PREFIX_PATH=${CMAKE_PREFIX_PATH}:/opt/ros/humble /usr/bin/cmake --install /home/dfc/chapt4/chapt4_ws/build/chapt4_interfaces
[2.834s] Level 1:colcon.colcon_core.environment:create_environment_scripts_only(chapt4_interfaces)
[2.834s] DEBUG:colcon.colcon_core.event_handler.log_command:Invoked command in '/home/dfc/chapt4/chapt4_ws/build/chapt4_interfaces' returned '0': CMAKE_PREFIX_PATH=${CMAKE_PREFIX_PATH}:/opt/ros/humble /usr/bin/cmake --install /home/dfc/chapt4/chapt4_ws/build/chapt4_interfaces
[2.836s] Level 1:colcon.colcon_core.environment:checking '/home/dfc/chapt4/chapt4_ws/install/chapt4_interfaces' for CMake module files
[2.836s] Level 1:colcon.colcon_core.environment:checking '/home/dfc/chapt4/chapt4_ws/install/chapt4_interfaces' for CMake config files
[2.836s] Level 1:colcon.colcon_core.shell:create_environment_hook('chapt4_interfaces', 'cmake_prefix_path')
[2.836s] INFO:colcon.colcon_core.shell:Creating environment hook '/home/dfc/chapt4/chapt4_ws/install/chapt4_interfaces/share/chapt4_interfaces/hook/cmake_prefix_path.ps1'
[2.837s] INFO:colcon.colcon_core.shell:Creating environment descriptor '/home/dfc/chapt4/chapt4_ws/install/chapt4_interfaces/share/chapt4_interfaces/hook/cmake_prefix_path.dsv'
[2.838s] INFO:colcon.colcon_core.shell:Creating environment hook '/home/dfc/chapt4/chapt4_ws/install/chapt4_interfaces/share/chapt4_interfaces/hook/cmake_prefix_path.sh'
[2.839s] Level 1:colcon.colcon_core.environment:checking '/home/dfc/chapt4/chapt4_ws/install/chapt4_interfaces/lib'
[2.839s] Level 1:colcon.colcon_core.shell:create_environment_hook('chapt4_interfaces', 'ld_library_path_lib')
[2.839s] INFO:colcon.colcon_core.shell:Creating environment hook '/home/dfc/chapt4/chapt4_ws/install/chapt4_interfaces/share/chapt4_interfaces/hook/ld_library_path_lib.ps1'
[2.839s] INFO:colcon.colcon_core.shell:Creating environment descriptor '/home/dfc/chapt4/chapt4_ws/install/chapt4_interfaces/share/chapt4_interfaces/hook/ld_library_path_lib.dsv'
[2.839s] INFO:colcon.colcon_core.shell:Creating environment hook '/home/dfc/chapt4/chapt4_ws/install/chapt4_interfaces/share/chapt4_interfaces/hook/ld_library_path_lib.sh'
[2.839s] Level 1:colcon.colcon_core.environment:checking '/home/dfc/chapt4/chapt4_ws/install/chapt4_interfaces/bin'
[2.839s] Level 1:colcon.colcon_core.environment:checking '/home/dfc/chapt4/chapt4_ws/install/chapt4_interfaces/lib/pkgconfig/chapt4_interfaces.pc'
[2.840s] Level 1:colcon.colcon_core.environment:checking '/home/dfc/chapt4/chapt4_ws/install/chapt4_interfaces/lib/python3.10/site-packages'
[2.840s] Level 1:colcon.colcon_core.environment:checking '/home/dfc/chapt4/chapt4_ws/install/chapt4_interfaces/bin'
[2.840s] INFO:colcon.colcon_core.shell:Creating package script '/home/dfc/chapt4/chapt4_ws/install/chapt4_interfaces/share/chapt4_interfaces/package.ps1'
[2.841s] INFO:colcon.colcon_core.shell:Creating package descriptor '/home/dfc/chapt4/chapt4_ws/install/chapt4_interfaces/share/chapt4_interfaces/package.dsv'
[2.841s] INFO:colcon.colcon_core.shell:Creating package script '/home/dfc/chapt4/chapt4_ws/install/chapt4_interfaces/share/chapt4_interfaces/package.sh'
[2.842s] INFO:colcon.colcon_core.shell:Creating package script '/home/dfc/chapt4/chapt4_ws/install/chapt4_interfaces/share/chapt4_interfaces/package.bash'
[2.842s] INFO:colcon.colcon_core.shell:Creating package script '/home/dfc/chapt4/chapt4_ws/install/chapt4_interfaces/share/chapt4_interfaces/package.zsh'
[2.842s] Level 1:colcon.colcon_core.environment:create_file_with_runtime_dependencies(/home/dfc/chapt4/chapt4_ws/install/chapt4_interfaces/share/colcon-core/packages/chapt4_interfaces)
[2.843s] Level 1:colcon.colcon_core.environment:create_environment_scripts_only(chapt4_interfaces)
[2.843s] Level 1:colcon.colcon_core.environment:checking '/home/dfc/chapt4/chapt4_ws/install/chapt4_interfaces' for CMake module files
[2.843s] Level 1:colcon.colcon_core.environment:checking '/home/dfc/chapt4/chapt4_ws/install/chapt4_interfaces' for CMake config files
[2.844s] Level 1:colcon.colcon_core.shell:create_environment_hook('chapt4_interfaces', 'cmake_prefix_path')
[2.844s] INFO:colcon.colcon_core.shell:Creating environment hook '/home/dfc/chapt4/chapt4_ws/install/chapt4_interfaces/share/chapt4_interfaces/hook/cmake_prefix_path.ps1'
[2.844s] INFO:colcon.colcon_core.shell:Creating environment descriptor '/home/dfc/chapt4/chapt4_ws/install/chapt4_interfaces/share/chapt4_interfaces/hook/cmake_prefix_path.dsv'
[2.844s] INFO:colcon.colcon_core.shell:Creating environment hook '/home/dfc/chapt4/chapt4_ws/install/chapt4_interfaces/share/chapt4_interfaces/hook/cmake_prefix_path.sh'
[2.845s] Level 1:colcon.colcon_core.environment:checking '/home/dfc/chapt4/chapt4_ws/install/chapt4_interfaces/lib'
[2.845s] Level 1:colcon.colcon_core.shell:create_environment_hook('chapt4_interfaces', 'ld_library_path_lib')
[2.845s] INFO:colcon.colcon_core.shell:Creating environment hook '/home/dfc/chapt4/chapt4_ws/install/chapt4_interfaces/share/chapt4_interfaces/hook/ld_library_path_lib.ps1'
[2.845s] INFO:colcon.colcon_core.shell:Creating environment descriptor '/home/dfc/chapt4/chapt4_ws/install/chapt4_interfaces/share/chapt4_interfaces/hook/ld_library_path_lib.dsv'
[2.846s] INFO:colcon.colcon_core.shell:Creating environment hook '/home/dfc/chapt4/chapt4_ws/install/chapt4_interfaces/share/chapt4_interfaces/hook/ld_library_path_lib.sh'
[2.846s] Level 1:colcon.colcon_core.environment:checking '/home/dfc/chapt4/chapt4_ws/install/chapt4_interfaces/bin'
[2.846s] Level 1:colcon.colcon_core.environment:checking '/home/dfc/chapt4/chapt4_ws/install/chapt4_interfaces/lib/pkgconfig/chapt4_interfaces.pc'
[2.846s] Level 1:colcon.colcon_core.environment:checking '/home/dfc/chapt4/chapt4_ws/install/chapt4_interfaces/lib/python3.10/site-packages'
[2.846s] Level 1:colcon.colcon_core.environment:checking '/home/dfc/chapt4/chapt4_ws/install/chapt4_interfaces/bin'
[2.847s] INFO:colcon.colcon_core.shell:Creating package script '/home/dfc/chapt4/chapt4_ws/install/chapt4_interfaces/share/chapt4_interfaces/package.ps1'
[2.847s] INFO:colcon.colcon_core.shell:Creating package descriptor '/home/dfc/chapt4/chapt4_ws/install/chapt4_interfaces/share/chapt4_interfaces/package.dsv'
[2.848s] INFO:colcon.colcon_core.shell:Creating package script '/home/dfc/chapt4/chapt4_ws/install/chapt4_interfaces/share/chapt4_interfaces/package.sh'
[2.848s] INFO:colcon.colcon_core.shell:Creating package script '/home/dfc/chapt4/chapt4_ws/install/chapt4_interfaces/share/chapt4_interfaces/package.bash'
[2.849s] INFO:colcon.colcon_core.shell:Creating package script '/home/dfc/chapt4/chapt4_ws/install/chapt4_interfaces/share/chapt4_interfaces/package.zsh'
[2.850s] Level 1:colcon.colcon_core.environment:create_file_with_runtime_dependencies(/home/dfc/chapt4/chapt4_ws/install/chapt4_interfaces/share/colcon-core/packages/chapt4_interfaces)
[2.850s] DEBUG:colcon.colcon_parallel_executor.executor.parallel:closing loop
[2.851s] DEBUG:colcon.colcon_parallel_executor.executor.parallel:loop closed
[2.851s] DEBUG:colcon.colcon_parallel_executor.executor.parallel:run_until_complete finished with '0'
[2.851s] DEBUG:colcon.colcon_core.event_reactor:joining thread
[2.856s] INFO:colcon.colcon_core.plugin_system:Skipping extension 'colcon_notification.desktop_notification.terminal_notifier': Not used on non-Darwin systems
[2.856s] INFO:colcon.colcon_core.plugin_system:Skipping extension 'colcon_notification.desktop_notification.win32': Not used on non-Windows systems
[2.856s] INFO:colcon.colcon_notification.desktop_notification:Sending desktop notification using 'notify2'
[2.867s] DEBUG:colcon.colcon_core.event_reactor:joined thread
[2.867s] INFO:colcon.colcon_core.shell:Creating prefix script '/home/dfc/chapt4/chapt4_ws/install/local_setup.ps1'
[2.868s] INFO:colcon.colcon_core.shell:Creating prefix util module '/home/dfc/chapt4/chapt4_ws/install/_local_setup_util_ps1.py'
[2.869s] INFO:colcon.colcon_core.shell:Creating prefix chain script '/home/dfc/chapt4/chapt4_ws/install/setup.ps1'
[2.870s] INFO:colcon.colcon_core.shell:Creating prefix script '/home/dfc/chapt4/chapt4_ws/install/local_setup.sh'
[2.870s] INFO:colcon.colcon_core.shell:Creating prefix util module '/home/dfc/chapt4/chapt4_ws/install/_local_setup_util_sh.py'
[2.871s] INFO:colcon.colcon_core.shell:Creating prefix chain script '/home/dfc/chapt4/chapt4_ws/install/setup.sh'
[2.871s] INFO:colcon.colcon_core.shell:Creating prefix script '/home/dfc/chapt4/chapt4_ws/install/local_setup.bash'
[2.872s] INFO:colcon.colcon_core.shell:Creating prefix chain script '/home/dfc/chapt4/chapt4_ws/install/setup.bash'
[2.873s] INFO:colcon.colcon_core.shell:Creating prefix script '/home/dfc/chapt4/chapt4_ws/install/local_setup.zsh'
[2.873s] INFO:colcon.colcon_core.shell:Creating prefix chain script '/home/dfc/chapt4/chapt4_ws/install/setup.zsh'
