[0.060s] DEBUG:colcon:Command line arguments: ['/usr/bin/colcon', 'build']
[0.060s] DEBUG:colcon:Parsed command line arguments: Namespace(log_base=None, log_level=None, verb_name='build', build_base='build', install_base='install', merge_install=False, symlink_install=False, test_result_base=None, continue_on_error=False, executor='parallel', parallel_workers=8, event_handlers=None, ignore_user_meta=False, metas=['./colcon.meta'], base_paths=['.'], packages_ignore=None, packages_ignore_regex=None, paths=None, packages_up_to=None, packages_up_to_regex=None, packages_above=None, packages_above_and_dependencies=None, packages_above_depth=None, packages_select_by_dep=None, packages_skip_by_dep=None, packages_skip_up_to=None, packages_select_build_failed=False, packages_skip_build_finished=False, packages_select_test_failures=False, packages_skip_test_passed=False, packages_select=None, packages_skip=None, packages_select_regex=None, packages_skip_regex=None, packages_start=None, packages_end=None, allow_overriding=[], cmake_args=None, cmake_target=None, cmake_target_skip_unavailable=False, cmake_clean_cache=False, cmake_clean_first=False, cmake_force_configure=False, ament_cmake_args=None, catkin_cmake_args=None, catkin_skip_building_tests=False, mixin_files=None, mixin=None, verb_parser=<colcon_mixin.mixin.mixin_argument.MixinArgumentDecorator object at 0x7f418b957160>, verb_extension=<colcon_core.verb.build.BuildVerb object at 0x7f418b956740>, main=<bound method BuildVerb.main of <colcon_core.verb.build.BuildVerb object at 0x7f418b956740>>, mixin_verb=('build',))
[0.154s] Level 1:colcon.colcon_core.package_discovery:discover_packages(colcon_meta) check parameters
[0.154s] Level 1:colcon.colcon_core.package_discovery:discover_packages(recursive) check parameters
[0.154s] Level 1:colcon.colcon_core.package_discovery:discover_packages(ignore) check parameters
[0.154s] Level 1:colcon.colcon_core.package_discovery:discover_packages(path) check parameters
[0.154s] Level 1:colcon.colcon_core.package_discovery:discover_packages(colcon_meta) discover
[0.154s] Level 1:colcon.colcon_core.package_discovery:discover_packages(recursive) discover
[0.154s] INFO:colcon.colcon_core.package_discovery:Crawling recursively for packages in '/home/dfc/chapt3/topic_practice_ws'
[0.154s] Level 1:colcon.colcon_core.package_identification:_identify(.) by extensions ['ignore', 'ignore_ament_install']
[0.154s] Level 1:colcon.colcon_core.package_identification:_identify(.) by extension 'ignore'
[0.154s] Level 1:colcon.colcon_core.package_identification:_identify(.) by extension 'ignore_ament_install'
[0.154s] Level 1:colcon.colcon_core.package_identification:_identify(.) by extensions ['colcon_pkg']
[0.154s] Level 1:colcon.colcon_core.package_identification:_identify(.) by extension 'colcon_pkg'
[0.154s] Level 1:colcon.colcon_core.package_identification:_identify(.) by extensions ['colcon_meta']
[0.155s] Level 1:colcon.colcon_core.package_identification:_identify(.) by extension 'colcon_meta'
[0.155s] Level 1:colcon.colcon_core.package_identification:_identify(.) by extensions ['ros']
[0.155s] Level 1:colcon.colcon_core.package_identification:_identify(.) by extension 'ros'
[0.161s] Level 1:colcon.colcon_core.package_identification:_identify(.) by extensions ['cmake', 'python']
[0.161s] Level 1:colcon.colcon_core.package_identification:_identify(.) by extension 'cmake'
[0.161s] Level 1:colcon.colcon_core.package_identification:_identify(.) by extension 'python'
[0.161s] Level 1:colcon.colcon_core.package_identification:_identify(.) by extensions ['python_setup_py']
[0.161s] Level 1:colcon.colcon_core.package_identification:_identify(.) by extension 'python_setup_py'
[0.161s] Level 1:colcon.colcon_core.package_identification:_identify(build) by extensions ['ignore', 'ignore_ament_install']
[0.162s] Level 1:colcon.colcon_core.package_identification:_identify(build) by extension 'ignore'
[0.162s] Level 1:colcon.colcon_core.package_identification:_identify(build) ignored
[0.162s] Level 1:colcon.colcon_core.package_identification:_identify(install) by extensions ['ignore', 'ignore_ament_install']
[0.162s] Level 1:colcon.colcon_core.package_identification:_identify(install) by extension 'ignore'
[0.162s] Level 1:colcon.colcon_core.package_identification:_identify(install) ignored
[0.162s] Level 1:colcon.colcon_core.package_identification:_identify(log) by extensions ['ignore', 'ignore_ament_install']
[0.162s] Level 1:colcon.colcon_core.package_identification:_identify(log) by extension 'ignore'
[0.162s] Level 1:colcon.colcon_core.package_identification:_identify(log) ignored
[0.162s] Level 1:colcon.colcon_core.package_identification:_identify(src) by extensions ['ignore', 'ignore_ament_install']
[0.162s] Level 1:colcon.colcon_core.package_identification:_identify(src) by extension 'ignore'
[0.162s] Level 1:colcon.colcon_core.package_identification:_identify(src) by extension 'ignore_ament_install'
[0.162s] Level 1:colcon.colcon_core.package_identification:_identify(src) by extensions ['colcon_pkg']
[0.162s] Level 1:colcon.colcon_core.package_identification:_identify(src) by extension 'colcon_pkg'
[0.162s] Level 1:colcon.colcon_core.package_identification:_identify(src) by extensions ['colcon_meta']
[0.162s] Level 1:colcon.colcon_core.package_identification:_identify(src) by extension 'colcon_meta'
[0.162s] Level 1:colcon.colcon_core.package_identification:_identify(src) by extensions ['ros']
[0.162s] Level 1:colcon.colcon_core.package_identification:_identify(src) by extension 'ros'
[0.162s] Level 1:colcon.colcon_core.package_identification:_identify(src) by extensions ['cmake', 'python']
[0.162s] Level 1:colcon.colcon_core.package_identification:_identify(src) by extension 'cmake'
[0.162s] Level 1:colcon.colcon_core.package_identification:_identify(src) by extension 'python'
[0.163s] Level 1:colcon.colcon_core.package_identification:_identify(src) by extensions ['python_setup_py']
[0.163s] Level 1:colcon.colcon_core.package_identification:_identify(src) by extension 'python_setup_py'
[0.163s] Level 1:colcon.colcon_core.package_identification:_identify(src/status_interfaces) by extensions ['ignore', 'ignore_ament_install']
[0.163s] Level 1:colcon.colcon_core.package_identification:_identify(src/status_interfaces) by extension 'ignore'
[0.163s] Level 1:colcon.colcon_core.package_identification:_identify(src/status_interfaces) by extension 'ignore_ament_install'
[0.163s] Level 1:colcon.colcon_core.package_identification:_identify(src/status_interfaces) by extensions ['colcon_pkg']
[0.163s] Level 1:colcon.colcon_core.package_identification:_identify(src/status_interfaces) by extension 'colcon_pkg'
[0.163s] Level 1:colcon.colcon_core.package_identification:_identify(src/status_interfaces) by extensions ['colcon_meta']
[0.163s] Level 1:colcon.colcon_core.package_identification:_identify(src/status_interfaces) by extension 'colcon_meta'
[0.163s] Level 1:colcon.colcon_core.package_identification:_identify(src/status_interfaces) by extensions ['ros']
[0.163s] Level 1:colcon.colcon_core.package_identification:_identify(src/status_interfaces) by extension 'ros'
[0.165s] DEBUG:colcon.colcon_core.package_identification:Package 'src/status_interfaces' with type 'ros.ament_cmake' and name 'status_interfaces'
[0.165s] Level 1:colcon.colcon_core.package_identification:_identify(src/status_publisher) by extensions ['ignore', 'ignore_ament_install']
[0.165s] Level 1:colcon.colcon_core.package_identification:_identify(src/status_publisher) by extension 'ignore'
[0.165s] Level 1:colcon.colcon_core.package_identification:_identify(src/status_publisher) by extension 'ignore_ament_install'
[0.165s] Level 1:colcon.colcon_core.package_identification:_identify(src/status_publisher) by extensions ['colcon_pkg']
[0.165s] Level 1:colcon.colcon_core.package_identification:_identify(src/status_publisher) by extension 'colcon_pkg'
[0.165s] Level 1:colcon.colcon_core.package_identification:_identify(src/status_publisher) by extensions ['colcon_meta']
[0.165s] Level 1:colcon.colcon_core.package_identification:_identify(src/status_publisher) by extension 'colcon_meta'
[0.165s] Level 1:colcon.colcon_core.package_identification:_identify(src/status_publisher) by extensions ['ros']
[0.165s] Level 1:colcon.colcon_core.package_identification:_identify(src/status_publisher) by extension 'ros'
[0.166s] DEBUG:colcon.colcon_core.package_identification:Package 'src/status_publisher' with type 'ros.ament_python' and name 'status_publisher'
[0.166s] Level 1:colcon.colcon_core.package_discovery:discover_packages(recursive) using defaults
[0.166s] Level 1:colcon.colcon_core.package_discovery:discover_packages(ignore) discover
[0.166s] Level 1:colcon.colcon_core.package_discovery:discover_packages(ignore) using defaults
[0.166s] Level 1:colcon.colcon_core.package_discovery:discover_packages(path) discover
[0.166s] Level 1:colcon.colcon_core.package_discovery:discover_packages(path) using defaults
[0.188s] Level 1:colcon.colcon_core.package_discovery:discover_packages(prefix_path) check parameters
[0.188s] Level 1:colcon.colcon_core.package_discovery:discover_packages(prefix_path) discover
[0.189s] DEBUG:colcon.colcon_installed_package_information.package_discovery:Found 2 installed packages in /home/dfc/chapt3/topic_practice_ws/install
[0.190s] DEBUG:colcon.colcon_installed_package_information.package_discovery:Found 2 installed packages in /home/dfc/ros2_ws/install
[0.190s] DEBUG:colcon.colcon_installed_package_information.package_discovery:Found 370 installed packages in /opt/ros/humble
[0.191s] Level 1:colcon.colcon_core.package_discovery:discover_packages(prefix_path) using defaults
[0.216s] Level 5:colcon.colcon_core.verb:set package 'status_interfaces' build argument 'cmake_args' from command line to 'None'
[0.216s] Level 5:colcon.colcon_core.verb:set package 'status_interfaces' build argument 'cmake_target' from command line to 'None'
[0.216s] Level 5:colcon.colcon_core.verb:set package 'status_interfaces' build argument 'cmake_target_skip_unavailable' from command line to 'False'
[0.216s] Level 5:colcon.colcon_core.verb:set package 'status_interfaces' build argument 'cmake_clean_cache' from command line to 'False'
[0.216s] Level 5:colcon.colcon_core.verb:set package 'status_interfaces' build argument 'cmake_clean_first' from command line to 'False'
[0.216s] Level 5:colcon.colcon_core.verb:set package 'status_interfaces' build argument 'cmake_force_configure' from command line to 'False'
[0.216s] Level 5:colcon.colcon_core.verb:set package 'status_interfaces' build argument 'ament_cmake_args' from command line to 'None'
[0.216s] Level 5:colcon.colcon_core.verb:set package 'status_interfaces' build argument 'catkin_cmake_args' from command line to 'None'
[0.216s] Level 5:colcon.colcon_core.verb:set package 'status_interfaces' build argument 'catkin_skip_building_tests' from command line to 'False'
[0.216s] DEBUG:colcon.colcon_core.verb:Building package 'status_interfaces' with the following arguments: {'ament_cmake_args': None, 'build_base': '/home/dfc/chapt3/topic_practice_ws/build/status_interfaces', 'catkin_cmake_args': None, 'catkin_skip_building_tests': False, 'cmake_args': None, 'cmake_clean_cache': False, 'cmake_clean_first': False, 'cmake_force_configure': False, 'cmake_target': None, 'cmake_target_skip_unavailable': False, 'install_base': '/home/dfc/chapt3/topic_practice_ws/install/status_interfaces', 'merge_install': False, 'path': '/home/dfc/chapt3/topic_practice_ws/src/status_interfaces', 'symlink_install': False, 'test_result_base': None}
[0.216s] Level 5:colcon.colcon_core.verb:set package 'status_publisher' build argument 'cmake_args' from command line to 'None'
[0.216s] Level 5:colcon.colcon_core.verb:set package 'status_publisher' build argument 'cmake_target' from command line to 'None'
[0.216s] Level 5:colcon.colcon_core.verb:set package 'status_publisher' build argument 'cmake_target_skip_unavailable' from command line to 'False'
[0.216s] Level 5:colcon.colcon_core.verb:set package 'status_publisher' build argument 'cmake_clean_cache' from command line to 'False'
[0.216s] Level 5:colcon.colcon_core.verb:set package 'status_publisher' build argument 'cmake_clean_first' from command line to 'False'
[0.216s] Level 5:colcon.colcon_core.verb:set package 'status_publisher' build argument 'cmake_force_configure' from command line to 'False'
[0.216s] Level 5:colcon.colcon_core.verb:set package 'status_publisher' build argument 'ament_cmake_args' from command line to 'None'
[0.216s] Level 5:colcon.colcon_core.verb:set package 'status_publisher' build argument 'catkin_cmake_args' from command line to 'None'
[0.216s] Level 5:colcon.colcon_core.verb:set package 'status_publisher' build argument 'catkin_skip_building_tests' from command line to 'False'
[0.216s] DEBUG:colcon.colcon_core.verb:Building package 'status_publisher' with the following arguments: {'ament_cmake_args': None, 'build_base': '/home/dfc/chapt3/topic_practice_ws/build/status_publisher', 'catkin_cmake_args': None, 'catkin_skip_building_tests': False, 'cmake_args': None, 'cmake_clean_cache': False, 'cmake_clean_first': False, 'cmake_force_configure': False, 'cmake_target': None, 'cmake_target_skip_unavailable': False, 'install_base': '/home/dfc/chapt3/topic_practice_ws/install/status_publisher', 'merge_install': False, 'path': '/home/dfc/chapt3/topic_practice_ws/src/status_publisher', 'symlink_install': False, 'test_result_base': None}
[0.216s] INFO:colcon.colcon_core.executor:Executing jobs using 'parallel' executor
[0.217s] DEBUG:colcon.colcon_parallel_executor.executor.parallel:run_until_complete
[0.217s] INFO:colcon.colcon_ros.task.ament_cmake.build:Building ROS package in '/home/dfc/chapt3/topic_practice_ws/src/status_interfaces' with build type 'ament_cmake'
[0.218s] INFO:colcon.colcon_cmake.task.cmake.build:Building CMake package in '/home/dfc/chapt3/topic_practice_ws/src/status_interfaces'
[0.219s] INFO:colcon.colcon_core.plugin_system:Skipping extension 'colcon_core.shell.bat': Not used on non-Windows systems
[0.219s] INFO:colcon.colcon_core.shell:Skip shell extension 'powershell' for command environment: Not usable outside of PowerShell
[0.219s] DEBUG:colcon.colcon_core.shell:Skip shell extension 'dsv' for command environment
[0.226s] DEBUG:colcon.colcon_core.event_handler.log_command:Invoking command in '/home/dfc/chapt3/topic_practice_ws/build/status_interfaces': CMAKE_PREFIX_PATH=${CMAKE_PREFIX_PATH}:/home/dfc/chapt3/topic_practice_ws/install/status_publisher:/opt/ros/humble /usr/bin/cmake --build /home/dfc/chapt3/topic_practice_ws/build/status_interfaces -- -j8 -l8
[0.433s] DEBUG:colcon.colcon_core.event_handler.log_command:Invoked command in '/home/dfc/chapt3/topic_practice_ws/build/status_interfaces' returned '0': CMAKE_PREFIX_PATH=${CMAKE_PREFIX_PATH}:/home/dfc/chapt3/topic_practice_ws/install/status_publisher:/opt/ros/humble /usr/bin/cmake --build /home/dfc/chapt3/topic_practice_ws/build/status_interfaces -- -j8 -l8
[0.444s] DEBUG:colcon.colcon_core.event_handler.log_command:Invoking command in '/home/dfc/chapt3/topic_practice_ws/build/status_interfaces': CMAKE_PREFIX_PATH=${CMAKE_PREFIX_PATH}:/home/dfc/chapt3/topic_practice_ws/install/status_publisher:/opt/ros/humble /usr/bin/cmake --install /home/dfc/chapt3/topic_practice_ws/build/status_interfaces
[0.478s] Level 1:colcon.colcon_core.environment:create_environment_scripts_only(status_interfaces)
[0.479s] DEBUG:colcon.colcon_core.event_handler.log_command:Invoked command in '/home/dfc/chapt3/topic_practice_ws/build/status_interfaces' returned '0': CMAKE_PREFIX_PATH=${CMAKE_PREFIX_PATH}:/home/dfc/chapt3/topic_practice_ws/install/status_publisher:/opt/ros/humble /usr/bin/cmake --install /home/dfc/chapt3/topic_practice_ws/build/status_interfaces
[0.480s] Level 1:colcon.colcon_core.environment:checking '/home/dfc/chapt3/topic_practice_ws/install/status_interfaces' for CMake module files
[0.480s] Level 1:colcon.colcon_core.environment:checking '/home/dfc/chapt3/topic_practice_ws/install/status_interfaces' for CMake config files
[0.481s] Level 1:colcon.colcon_core.shell:create_environment_hook('status_interfaces', 'cmake_prefix_path')
[0.481s] INFO:colcon.colcon_core.shell:Creating environment hook '/home/dfc/chapt3/topic_practice_ws/install/status_interfaces/share/status_interfaces/hook/cmake_prefix_path.ps1'
[0.481s] INFO:colcon.colcon_core.shell:Creating environment descriptor '/home/dfc/chapt3/topic_practice_ws/install/status_interfaces/share/status_interfaces/hook/cmake_prefix_path.dsv'
[0.482s] INFO:colcon.colcon_core.shell:Creating environment hook '/home/dfc/chapt3/topic_practice_ws/install/status_interfaces/share/status_interfaces/hook/cmake_prefix_path.sh'
[0.483s] Level 1:colcon.colcon_core.environment:checking '/home/dfc/chapt3/topic_practice_ws/install/status_interfaces/lib'
[0.483s] Level 1:colcon.colcon_core.shell:create_environment_hook('status_interfaces', 'ld_library_path_lib')
[0.483s] INFO:colcon.colcon_core.shell:Creating environment hook '/home/dfc/chapt3/topic_practice_ws/install/status_interfaces/share/status_interfaces/hook/ld_library_path_lib.ps1'
[0.483s] INFO:colcon.colcon_core.shell:Creating environment descriptor '/home/dfc/chapt3/topic_practice_ws/install/status_interfaces/share/status_interfaces/hook/ld_library_path_lib.dsv'
[0.484s] INFO:colcon.colcon_core.shell:Creating environment hook '/home/dfc/chapt3/topic_practice_ws/install/status_interfaces/share/status_interfaces/hook/ld_library_path_lib.sh'
[0.484s] Level 1:colcon.colcon_core.environment:checking '/home/dfc/chapt3/topic_practice_ws/install/status_interfaces/bin'
[0.484s] Level 1:colcon.colcon_core.environment:checking '/home/dfc/chapt3/topic_practice_ws/install/status_interfaces/lib/pkgconfig/status_interfaces.pc'
[0.484s] Level 1:colcon.colcon_core.environment:checking '/home/dfc/chapt3/topic_practice_ws/install/status_interfaces/lib/python3.10/site-packages'
[0.484s] Level 1:colcon.colcon_core.environment:checking '/home/dfc/chapt3/topic_practice_ws/install/status_interfaces/bin'
[0.485s] INFO:colcon.colcon_core.shell:Creating package script '/home/dfc/chapt3/topic_practice_ws/install/status_interfaces/share/status_interfaces/package.ps1'
[0.485s] INFO:colcon.colcon_core.shell:Creating package descriptor '/home/dfc/chapt3/topic_practice_ws/install/status_interfaces/share/status_interfaces/package.dsv'
[0.486s] INFO:colcon.colcon_core.shell:Creating package script '/home/dfc/chapt3/topic_practice_ws/install/status_interfaces/share/status_interfaces/package.sh'
[0.486s] INFO:colcon.colcon_core.shell:Creating package script '/home/dfc/chapt3/topic_practice_ws/install/status_interfaces/share/status_interfaces/package.bash'
[0.487s] INFO:colcon.colcon_core.shell:Creating package script '/home/dfc/chapt3/topic_practice_ws/install/status_interfaces/share/status_interfaces/package.zsh'
[0.487s] Level 1:colcon.colcon_core.environment:create_file_with_runtime_dependencies(/home/dfc/chapt3/topic_practice_ws/install/status_interfaces/share/colcon-core/packages/status_interfaces)
[0.488s] Level 1:colcon.colcon_core.environment:create_environment_scripts_only(status_interfaces)
[0.488s] Level 1:colcon.colcon_core.environment:checking '/home/dfc/chapt3/topic_practice_ws/install/status_interfaces' for CMake module files
[0.488s] Level 1:colcon.colcon_core.environment:checking '/home/dfc/chapt3/topic_practice_ws/install/status_interfaces' for CMake config files
[0.488s] Level 1:colcon.colcon_core.shell:create_environment_hook('status_interfaces', 'cmake_prefix_path')
[0.488s] INFO:colcon.colcon_core.shell:Creating environment hook '/home/dfc/chapt3/topic_practice_ws/install/status_interfaces/share/status_interfaces/hook/cmake_prefix_path.ps1'
[0.489s] INFO:colcon.colcon_core.shell:Creating environment descriptor '/home/dfc/chapt3/topic_practice_ws/install/status_interfaces/share/status_interfaces/hook/cmake_prefix_path.dsv'
[0.489s] INFO:colcon.colcon_core.shell:Creating environment hook '/home/dfc/chapt3/topic_practice_ws/install/status_interfaces/share/status_interfaces/hook/cmake_prefix_path.sh'
[0.490s] Level 1:colcon.colcon_core.environment:checking '/home/dfc/chapt3/topic_practice_ws/install/status_interfaces/lib'
[0.490s] Level 1:colcon.colcon_core.shell:create_environment_hook('status_interfaces', 'ld_library_path_lib')
[0.490s] INFO:colcon.colcon_core.shell:Creating environment hook '/home/dfc/chapt3/topic_practice_ws/install/status_interfaces/share/status_interfaces/hook/ld_library_path_lib.ps1'
[0.490s] INFO:colcon.colcon_core.shell:Creating environment descriptor '/home/dfc/chapt3/topic_practice_ws/install/status_interfaces/share/status_interfaces/hook/ld_library_path_lib.dsv'
[0.490s] INFO:colcon.colcon_core.shell:Creating environment hook '/home/dfc/chapt3/topic_practice_ws/install/status_interfaces/share/status_interfaces/hook/ld_library_path_lib.sh'
[0.491s] Level 1:colcon.colcon_core.environment:checking '/home/dfc/chapt3/topic_practice_ws/install/status_interfaces/bin'
[0.491s] Level 1:colcon.colcon_core.environment:checking '/home/dfc/chapt3/topic_practice_ws/install/status_interfaces/lib/pkgconfig/status_interfaces.pc'
[0.491s] Level 1:colcon.colcon_core.environment:checking '/home/dfc/chapt3/topic_practice_ws/install/status_interfaces/lib/python3.10/site-packages'
[0.491s] Level 1:colcon.colcon_core.environment:checking '/home/dfc/chapt3/topic_practice_ws/install/status_interfaces/bin'
[0.491s] INFO:colcon.colcon_core.shell:Creating package script '/home/dfc/chapt3/topic_practice_ws/install/status_interfaces/share/status_interfaces/package.ps1'
[0.492s] INFO:colcon.colcon_core.shell:Creating package descriptor '/home/dfc/chapt3/topic_practice_ws/install/status_interfaces/share/status_interfaces/package.dsv'
[0.492s] INFO:colcon.colcon_core.shell:Creating package script '/home/dfc/chapt3/topic_practice_ws/install/status_interfaces/share/status_interfaces/package.sh'
[0.492s] INFO:colcon.colcon_core.shell:Creating package script '/home/dfc/chapt3/topic_practice_ws/install/status_interfaces/share/status_interfaces/package.bash'
[0.493s] INFO:colcon.colcon_core.shell:Creating package script '/home/dfc/chapt3/topic_practice_ws/install/status_interfaces/share/status_interfaces/package.zsh'
[0.493s] Level 1:colcon.colcon_core.environment:create_file_with_runtime_dependencies(/home/dfc/chapt3/topic_practice_ws/install/status_interfaces/share/colcon-core/packages/status_interfaces)
[0.493s] INFO:colcon.colcon_ros.task.ament_python.build:Building ROS package in '/home/dfc/chapt3/topic_practice_ws/src/status_publisher' with build type 'ament_python'
[0.494s] Level 1:colcon.colcon_core.shell:create_environment_hook('status_publisher', 'ament_prefix_path')
[0.494s] INFO:colcon.colcon_core.shell:Creating environment hook '/home/dfc/chapt3/topic_practice_ws/install/status_publisher/share/status_publisher/hook/ament_prefix_path.ps1'
[0.494s] INFO:colcon.colcon_core.shell:Creating environment descriptor '/home/dfc/chapt3/topic_practice_ws/install/status_publisher/share/status_publisher/hook/ament_prefix_path.dsv'
[0.495s] INFO:colcon.colcon_core.shell:Creating environment hook '/home/dfc/chapt3/topic_practice_ws/install/status_publisher/share/status_publisher/hook/ament_prefix_path.sh'
[0.495s] INFO:colcon.colcon_core.shell:Skip shell extension 'powershell' for command environment: Not usable outside of PowerShell
[0.495s] DEBUG:colcon.colcon_core.shell:Skip shell extension 'dsv' for command environment
[0.647s] INFO:colcon.colcon_core.task.python.build:Building Python package in '/home/dfc/chapt3/topic_practice_ws/src/status_publisher'
[0.647s] INFO:colcon.colcon_core.shell:Skip shell extension 'powershell' for command environment: Not usable outside of PowerShell
[0.647s] DEBUG:colcon.colcon_core.shell:Skip shell extension 'dsv' for command environment
[0.862s] DEBUG:colcon.colcon_core.event_handler.log_command:Invoking command in '/home/dfc/chapt3/topic_practice_ws/src/status_publisher': PYTHONPATH=/home/dfc/chapt3/topic_practice_ws/build/status_publisher/prefix_override:/usr/lib/python3/dist-packages/colcon_core/task/python/colcon_distutils_commands:/home/dfc/chapt3/topic_practice_ws/install/status_publisher/lib/python3.10/site-packages:${PYTHONPATH} /usr/bin/python3 -W ignore:setup.py install is deprecated -W ignore:easy_install command is deprecated setup.py egg_info --egg-base ../../build/status_publisher build --build-base /home/dfc/chapt3/topic_practice_ws/build/status_publisher/build install --record /home/dfc/chapt3/topic_practice_ws/build/status_publisher/install.log --single-version-externally-managed install_data
[1.020s] Level 1:colcon.colcon_core.environment:checking '/home/dfc/chapt3/topic_practice_ws/install/status_publisher' for CMake module files
[1.020s] DEBUG:colcon.colcon_core.event_handler.log_command:Invoked command in '/home/dfc/chapt3/topic_practice_ws/src/status_publisher' returned '0': PYTHONPATH=/home/dfc/chapt3/topic_practice_ws/build/status_publisher/prefix_override:/usr/lib/python3/dist-packages/colcon_core/task/python/colcon_distutils_commands:/home/dfc/chapt3/topic_practice_ws/install/status_publisher/lib/python3.10/site-packages:${PYTHONPATH} /usr/bin/python3 -W ignore:setup.py install is deprecated -W ignore:easy_install command is deprecated setup.py egg_info --egg-base ../../build/status_publisher build --build-base /home/dfc/chapt3/topic_practice_ws/build/status_publisher/build install --record /home/dfc/chapt3/topic_practice_ws/build/status_publisher/install.log --single-version-externally-managed install_data
[1.021s] Level 1:colcon.colcon_core.environment:checking '/home/dfc/chapt3/topic_practice_ws/install/status_publisher' for CMake config files
[1.021s] Level 1:colcon.colcon_core.environment:checking '/home/dfc/chapt3/topic_practice_ws/install/status_publisher/lib'
[1.021s] Level 1:colcon.colcon_core.environment:checking '/home/dfc/chapt3/topic_practice_ws/install/status_publisher/bin'
[1.021s] Level 1:colcon.colcon_core.environment:checking '/home/dfc/chapt3/topic_practice_ws/install/status_publisher/lib/pkgconfig/status_publisher.pc'
[1.021s] Level 1:colcon.colcon_core.environment:checking '/home/dfc/chapt3/topic_practice_ws/install/status_publisher/lib/python3.10/site-packages'
[1.021s] Level 1:colcon.colcon_core.shell:create_environment_hook('status_publisher', 'pythonpath')
[1.021s] INFO:colcon.colcon_core.shell:Creating environment hook '/home/dfc/chapt3/topic_practice_ws/install/status_publisher/share/status_publisher/hook/pythonpath.ps1'
[1.022s] INFO:colcon.colcon_core.shell:Creating environment descriptor '/home/dfc/chapt3/topic_practice_ws/install/status_publisher/share/status_publisher/hook/pythonpath.dsv'
[1.022s] INFO:colcon.colcon_core.shell:Creating environment hook '/home/dfc/chapt3/topic_practice_ws/install/status_publisher/share/status_publisher/hook/pythonpath.sh'
[1.023s] Level 1:colcon.colcon_core.environment:checking '/home/dfc/chapt3/topic_practice_ws/install/status_publisher/bin'
[1.023s] Level 1:colcon.colcon_core.environment:create_environment_scripts_only(status_publisher)
[1.023s] INFO:colcon.colcon_core.shell:Creating package script '/home/dfc/chapt3/topic_practice_ws/install/status_publisher/share/status_publisher/package.ps1'
[1.023s] INFO:colcon.colcon_core.shell:Creating package descriptor '/home/dfc/chapt3/topic_practice_ws/install/status_publisher/share/status_publisher/package.dsv'
[1.024s] INFO:colcon.colcon_core.shell:Creating package script '/home/dfc/chapt3/topic_practice_ws/install/status_publisher/share/status_publisher/package.sh'
[1.024s] INFO:colcon.colcon_core.shell:Creating package script '/home/dfc/chapt3/topic_practice_ws/install/status_publisher/share/status_publisher/package.bash'
[1.025s] INFO:colcon.colcon_core.shell:Creating package script '/home/dfc/chapt3/topic_practice_ws/install/status_publisher/share/status_publisher/package.zsh'
[1.025s] Level 1:colcon.colcon_core.environment:create_file_with_runtime_dependencies(/home/dfc/chapt3/topic_practice_ws/install/status_publisher/share/colcon-core/packages/status_publisher)
[1.025s] DEBUG:colcon.colcon_parallel_executor.executor.parallel:closing loop
[1.025s] DEBUG:colcon.colcon_parallel_executor.executor.parallel:loop closed
[1.025s] DEBUG:colcon.colcon_parallel_executor.executor.parallel:run_until_complete finished with '0'
[1.025s] DEBUG:colcon.colcon_core.event_reactor:joining thread
[1.029s] INFO:colcon.colcon_core.plugin_system:Skipping extension 'colcon_notification.desktop_notification.terminal_notifier': Not used on non-Darwin systems
[1.029s] INFO:colcon.colcon_core.plugin_system:Skipping extension 'colcon_notification.desktop_notification.win32': Not used on non-Windows systems
[1.029s] INFO:colcon.colcon_notification.desktop_notification:Sending desktop notification using 'notify2'
[1.040s] DEBUG:colcon.colcon_core.event_reactor:joined thread
[1.040s] INFO:colcon.colcon_core.shell:Creating prefix script '/home/dfc/chapt3/topic_practice_ws/install/local_setup.ps1'
[1.041s] INFO:colcon.colcon_core.shell:Creating prefix util module '/home/dfc/chapt3/topic_practice_ws/install/_local_setup_util_ps1.py'
[1.042s] INFO:colcon.colcon_core.shell:Creating prefix chain script '/home/dfc/chapt3/topic_practice_ws/install/setup.ps1'
[1.043s] INFO:colcon.colcon_core.shell:Creating prefix script '/home/dfc/chapt3/topic_practice_ws/install/local_setup.sh'
[1.043s] INFO:colcon.colcon_core.shell:Creating prefix util module '/home/dfc/chapt3/topic_practice_ws/install/_local_setup_util_sh.py'
[1.044s] INFO:colcon.colcon_core.shell:Creating prefix chain script '/home/dfc/chapt3/topic_practice_ws/install/setup.sh'
[1.045s] INFO:colcon.colcon_core.shell:Creating prefix script '/home/dfc/chapt3/topic_practice_ws/install/local_setup.bash'
[1.045s] INFO:colcon.colcon_core.shell:Creating prefix chain script '/home/dfc/chapt3/topic_practice_ws/install/setup.bash'
[1.046s] INFO:colcon.colcon_core.shell:Creating prefix script '/home/dfc/chapt3/topic_practice_ws/install/local_setup.zsh'
[1.046s] INFO:colcon.colcon_core.shell:Creating prefix chain script '/home/dfc/chapt3/topic_practice_ws/install/setup.zsh'
