[0.007s] Invoking command in '/home/dfc/chapt3/topic_practice_ws/build/status_interfaces': CMAKE_PREFIX_PATH=${CMAKE_PREFIX_PATH}:/opt/ros/humble /usr/bin/cmake /home/dfc/chapt3/topic_practice_ws/src/status_interfaces -DCMAKE_INSTALL_PREFIX=/home/dfc/chapt3/topic_practice_ws/install/status_interfaces
[0.016s] -- Found ament_cmake: 1.3.14 (/opt/ros/humble/share/ament_cmake/cmake)
[0.092s] -- Found builtin_interfaces: 1.2.2 (/opt/ros/humble/share/builtin_interfaces/cmake)
[0.105s] -- Found rosidl_generator_c: 3.1.8 (/opt/ros/humble/share/rosidl_generator_c/cmake)
[0.106s] -- Found rosidl_adapter: 3.1.8 (/opt/ros/humble/share/rosidl_adapter/cmake)
[0.110s] -- Found rosidl_generator_cpp: 3.1.8 (/opt/ros/humble/share/rosidl_generator_cpp/cmake)
[0.120s] -- Using all available rosidl_typesupport_c: rosidl_typesupport_fastrtps_c;rosidl_typesupport_introspection_c
[0.128s] -- Using all available rosidl_typesupport_cpp: rosidl_typesupport_fastrtps_cpp;rosidl_typesupport_introspection_cpp
[0.133s] -- Found rosidl_default_generators: 1.2.1 (/opt/ros/humble/share/rosidl_default_generators/cmake)
[0.289s] -- Found ament_cmake_ros: 0.10.0 (/opt/ros/humble/share/ament_cmake_ros/cmake)
[0.491s] -- Using all available rosidl_typesupport_c: rosidl_typesupport_fastrtps_c;rosidl_typesupport_introspection_c
[0.566s] -- Using all available rosidl_typesupport_cpp: rosidl_typesupport_fastrtps_cpp;rosidl_typesupport_introspection_cpp
[0.581s] -- Found PythonInterp: /usr/bin/python3 (found suitable version "3.10.12", minimum required is "3.6") 
[0.583s] -- Found python_cmake_module: 0.10.0 (/opt/ros/humble/share/python_cmake_module/cmake)
[0.612s] -- Found PythonLibs: /usr/lib/x86_64-linux-gnu/libpython3.10.so (found suitable version "3.10.12", minimum required is "3.5") 
[0.615s] -- Using PYTHON_EXECUTABLE: /usr/bin/python3
[0.615s] -- Using PYTHON_INCLUDE_DIRS: /usr/include/python3.10
[0.615s] -- Using PYTHON_LIBRARIES: /usr/lib/x86_64-linux-gnu/libpython3.10.so
[0.629s] -- Found PythonExtra: .so  
[0.691s] -- Found ament_lint_auto: 0.12.15 (/opt/ros/humble/share/ament_lint_auto/cmake)
[0.699s] -- Added test 'lint_cmake' to check CMake code style
[0.700s] -- Added test 'xmllint' to check XML markup files
[0.701s] -- Configuring done
[0.719s] -- Generating done
[0.726s] -- Build files have been written to: /home/dfc/chapt3/topic_practice_ws/build/status_interfaces
[0.731s] Invoked command in '/home/dfc/chapt3/topic_practice_ws/build/status_interfaces' returned '0': CMAKE_PREFIX_PATH=${CMAKE_PREFIX_PATH}:/opt/ros/humble /usr/bin/cmake /home/dfc/chapt3/topic_practice_ws/src/status_interfaces -DCMAKE_INSTALL_PREFIX=/home/dfc/chapt3/topic_practice_ws/install/status_interfaces
[0.733s] Invoking command in '/home/dfc/chapt3/topic_practice_ws/build/status_interfaces': CMAKE_PREFIX_PATH=${CMAKE_PREFIX_PATH}:/opt/ros/humble /usr/bin/cmake --build /home/dfc/chapt3/topic_practice_ws/build/status_interfaces -- -j8 -l8
[0.757s] [  3%] [34m[1mGenerating C code for ROS interfaces[0m
[0.763s] [  6%] [34m[1mGenerating Rust code for ROS interfaces[0m
[0.763s] [  9%] [34m[1mGenerating C++ code for ROS interfaces[0m
[0.768s] [  9%] Built target ament_cmake_python_copy_status_interfaces
[0.911s] running egg_info
[0.912s] creating status_interfaces.egg-info
[0.912s] writing status_interfaces.egg-info/PKG-INFO
[0.912s] writing dependency_links to status_interfaces.egg-info/dependency_links.txt
[0.912s] writing top-level names to status_interfaces.egg-info/top_level.txt
[0.912s] writing manifest file 'status_interfaces.egg-info/SOURCES.txt'
[0.914s] reading manifest file 'status_interfaces.egg-info/SOURCES.txt'
[0.914s] writing manifest file 'status_interfaces.egg-info/SOURCES.txt'
[0.933s] [  9%] Built target ament_cmake_python_build_status_interfaces_egg
[0.949s] [  9%] Built target status_interfaces__rs
[0.957s] [  9%] Built target status_interfaces__cpp
[0.964s] [ 15%] [34m[1mGenerating C++ type support for eProsima Fast-RTPS[0m
[0.964s] [ 15%] [34m[1mGenerating C++ introspection for ROS interfaces[0m
[0.964s] [ 18%] [34m[1mGenerating C++ type support dispatch for ROS interfaces[0m
[0.973s] [ 21%] [32mBuilding C object CMakeFiles/status_interfaces__rosidl_generator_c.dir/rosidl_generator_c/status_interfaces/msg/detail/system_status__functions.c.o[0m
[1.030s] [ 25%] [32m[1mLinking C shared library libstatus_interfaces__rosidl_generator_c.so[0m
[1.054s] [ 25%] Built target status_interfaces__rosidl_generator_c
[1.061s] [ 31%] [34m[1mGenerating C type support for eProsima Fast-RTPS[0m
[1.061s] [ 34%] [34m[1mGenerating C introspection for ROS interfaces[0m
[1.061s] [ 34%] [34m[1mGenerating C type support dispatch for ROS interfaces[0m
[1.147s] [ 37%] [32mBuilding CXX object CMakeFiles/status_interfaces__rosidl_typesupport_cpp.dir/rosidl_typesupport_cpp/status_interfaces/msg/system_status__type_support.cpp.o[0m
[1.148s] [ 40%] [32mBuilding CXX object CMakeFiles/status_interfaces__rosidl_typesupport_introspection_cpp.dir/rosidl_typesupport_introspection_cpp/status_interfaces/msg/detail/system_status__type_support.cpp.o[0m
[1.161s] [ 43%] [32mBuilding CXX object CMakeFiles/status_interfaces__rosidl_typesupport_fastrtps_cpp.dir/rosidl_typesupport_fastrtps_cpp/status_interfaces/msg/detail/dds_fastrtps/system_status__type_support.cpp.o[0m
[1.263s] [ 46%] [32mBuilding CXX object CMakeFiles/status_interfaces__rosidl_typesupport_c.dir/rosidl_typesupport_c/status_interfaces/msg/system_status__type_support.cpp.o[0m
[1.280s] [ 50%] [32mBuilding C object CMakeFiles/status_interfaces__rosidl_typesupport_introspection_c.dir/rosidl_typesupport_introspection_c/status_interfaces/msg/detail/system_status__type_support.c.o[0m
[1.280s] [ 53%] [32mBuilding CXX object CMakeFiles/status_interfaces__rosidl_typesupport_fastrtps_c.dir/rosidl_typesupport_fastrtps_c/status_interfaces/msg/detail/system_status__type_support_c.cpp.o[0m
[1.286s] [ 56%] [32m[1mLinking CXX shared library libstatus_interfaces__rosidl_typesupport_c.so[0m
[1.305s] [ 59%] [32m[1mLinking C shared library libstatus_interfaces__rosidl_typesupport_introspection_c.so[0m
[1.316s] [ 59%] Built target status_interfaces__rosidl_typesupport_c
[1.330s] [ 59%] Built target status_interfaces__rosidl_typesupport_introspection_c
[1.343s] [ 62%] [32m[1mLinking CXX shared library libstatus_interfaces__rosidl_typesupport_cpp.so[0m
[1.371s] [ 62%] Built target status_interfaces__rosidl_typesupport_cpp
[1.426s] [ 68%] [32m[1mLinking CXX shared library libstatus_interfaces__rosidl_typesupport_fastrtps_cpp.so[0m
[1.426s] [ 68%] [32m[1mLinking CXX shared library libstatus_interfaces__rosidl_typesupport_introspection_cpp.so[0m
[1.466s] [ 68%] Built target status_interfaces__rosidl_typesupport_introspection_cpp
[1.477s] [ 71%] [32m[1mLinking CXX shared library libstatus_interfaces__rosidl_typesupport_fastrtps_c.so[0m
[1.477s] [ 71%] Built target status_interfaces__rosidl_typesupport_fastrtps_cpp
[1.522s] [ 71%] Built target status_interfaces__rosidl_typesupport_fastrtps_c
[1.533s] [ 71%] Built target status_interfaces
[1.546s] [ 75%] [34m[1mGenerating Python code for ROS interfaces[0m
[1.797s] [ 75%] Built target status_interfaces__py
[1.809s] [ 78%] [32mBuilding C object CMakeFiles/status_interfaces__rosidl_generator_py.dir/rosidl_generator_py/status_interfaces/msg/_system_status_s.c.o[0m
[1.910s] [ 81%] [32m[1mLinking C shared library rosidl_generator_py/status_interfaces/libstatus_interfaces__rosidl_generator_py.so[0m
[1.938s] [ 81%] Built target status_interfaces__rosidl_generator_py
[1.952s] [ 87%] [32mBuilding C object CMakeFiles/status_interfaces__rosidl_typesupport_fastrtps_c__pyext.dir/rosidl_generator_py/status_interfaces/_status_interfaces_s.ep.rosidl_typesupport_fastrtps_c.c.o[0m
[1.952s] [ 87%] [32mBuilding C object CMakeFiles/status_interfaces__rosidl_typesupport_c__pyext.dir/rosidl_generator_py/status_interfaces/_status_interfaces_s.ep.rosidl_typesupport_c.c.o[0m
[1.952s] [ 90%] [32mBuilding C object CMakeFiles/status_interfaces__rosidl_typesupport_introspection_c__pyext.dir/rosidl_generator_py/status_interfaces/_status_interfaces_s.ep.rosidl_typesupport_introspection_c.c.o[0m
[2.006s] [ 96%] [32m[1mLinking C shared library rosidl_generator_py/status_interfaces/status_interfaces_s__rosidl_typesupport_fastrtps_c.cpython-310-x86_64-linux-gnu.so[0m
[2.007s] [ 96%] [32m[1mLinking C shared library rosidl_generator_py/status_interfaces/status_interfaces_s__rosidl_typesupport_introspection_c.cpython-310-x86_64-linux-gnu.so[0m
[2.007s] [100%] [32m[1mLinking C shared library rosidl_generator_py/status_interfaces/status_interfaces_s__rosidl_typesupport_c.cpython-310-x86_64-linux-gnu.so[0m
[2.030s] [100%] Built target status_interfaces__rosidl_typesupport_c__pyext
[2.030s] [100%] Built target status_interfaces__rosidl_typesupport_fastrtps_c__pyext
[2.030s] [100%] Built target status_interfaces__rosidl_typesupport_introspection_c__pyext
[2.038s] Invoked command in '/home/dfc/chapt3/topic_practice_ws/build/status_interfaces' returned '0': CMAKE_PREFIX_PATH=${CMAKE_PREFIX_PATH}:/opt/ros/humble /usr/bin/cmake --build /home/dfc/chapt3/topic_practice_ws/build/status_interfaces -- -j8 -l8
[2.045s] Invoking command in '/home/dfc/chapt3/topic_practice_ws/build/status_interfaces': CMAKE_PREFIX_PATH=${CMAKE_PREFIX_PATH}:/opt/ros/humble /usr/bin/cmake --install /home/dfc/chapt3/topic_practice_ws/build/status_interfaces
[2.050s] -- Install configuration: ""
[2.050s] -- Installing: /home/dfc/chapt3/topic_practice_ws/install/status_interfaces/share/ament_index/resource_index/rosidl_interfaces/status_interfaces
[2.050s] -- Installing: /home/dfc/chapt3/topic_practice_ws/install/status_interfaces/include/status_interfaces/status_interfaces
[2.050s] -- Installing: /home/dfc/chapt3/topic_practice_ws/install/status_interfaces/include/status_interfaces/status_interfaces/msg
[2.050s] -- Installing: /home/dfc/chapt3/topic_practice_ws/install/status_interfaces/include/status_interfaces/status_interfaces/msg/detail
[2.050s] -- Installing: /home/dfc/chapt3/topic_practice_ws/install/status_interfaces/include/status_interfaces/status_interfaces/msg/detail/system_status__functions.c
[2.050s] -- Installing: /home/dfc/chapt3/topic_practice_ws/install/status_interfaces/include/status_interfaces/status_interfaces/msg/detail/system_status__type_support.h
[2.051s] -- Installing: /home/dfc/chapt3/topic_practice_ws/install/status_interfaces/include/status_interfaces/status_interfaces/msg/detail/system_status__struct.h
[2.051s] -- Installing: /home/dfc/chapt3/topic_practice_ws/install/status_interfaces/include/status_interfaces/status_interfaces/msg/detail/system_status__functions.h
[2.051s] -- Installing: /home/dfc/chapt3/topic_practice_ws/install/status_interfaces/include/status_interfaces/status_interfaces/msg/system_status.h
[2.051s] -- Installing: /home/dfc/chapt3/topic_practice_ws/install/status_interfaces/include/status_interfaces/status_interfaces/msg/rosidl_generator_c__visibility_control.h
[2.051s] -- Installing: /home/dfc/chapt3/topic_practice_ws/install/status_interfaces/share/status_interfaces/environment/library_path.sh
[2.051s] -- Installing: /home/dfc/chapt3/topic_practice_ws/install/status_interfaces/share/status_interfaces/environment/library_path.dsv
[2.051s] -- Installing: /home/dfc/chapt3/topic_practice_ws/install/status_interfaces/lib/libstatus_interfaces__rosidl_generator_c.so
[2.051s] -- Set runtime path of "/home/dfc/chapt3/topic_practice_ws/install/status_interfaces/lib/libstatus_interfaces__rosidl_generator_c.so" to ""
[2.051s] -- Up-to-date: /home/dfc/chapt3/topic_practice_ws/install/status_interfaces/include/status_interfaces/status_interfaces
[2.051s] -- Up-to-date: /home/dfc/chapt3/topic_practice_ws/install/status_interfaces/include/status_interfaces/status_interfaces/msg
[2.051s] -- Installing: /home/dfc/chapt3/topic_practice_ws/install/status_interfaces/include/status_interfaces/status_interfaces/msg/rosidl_typesupport_fastrtps_c__visibility_control.h
[2.051s] -- Up-to-date: /home/dfc/chapt3/topic_practice_ws/install/status_interfaces/include/status_interfaces/status_interfaces/msg/detail
[2.051s] -- Installing: /home/dfc/chapt3/topic_practice_ws/install/status_interfaces/include/status_interfaces/status_interfaces/msg/detail/system_status__rosidl_typesupport_fastrtps_c.h
[2.051s] -- Installing: /home/dfc/chapt3/topic_practice_ws/install/status_interfaces/lib/libstatus_interfaces__rosidl_typesupport_fastrtps_c.so
[2.051s] -- Set runtime path of "/home/dfc/chapt3/topic_practice_ws/install/status_interfaces/lib/libstatus_interfaces__rosidl_typesupport_fastrtps_c.so" to ""
[2.052s] -- Up-to-date: /home/dfc/chapt3/topic_practice_ws/install/status_interfaces/include/status_interfaces/status_interfaces
[2.052s] -- Up-to-date: /home/dfc/chapt3/topic_practice_ws/install/status_interfaces/include/status_interfaces/status_interfaces/msg
[2.052s] -- Up-to-date: /home/dfc/chapt3/topic_practice_ws/install/status_interfaces/include/status_interfaces/status_interfaces/msg/detail
[2.052s] -- Installing: /home/dfc/chapt3/topic_practice_ws/install/status_interfaces/include/status_interfaces/status_interfaces/msg/detail/system_status__builder.hpp
[2.052s] -- Installing: /home/dfc/chapt3/topic_practice_ws/install/status_interfaces/include/status_interfaces/status_interfaces/msg/detail/system_status__type_support.hpp
[2.052s] -- Installing: /home/dfc/chapt3/topic_practice_ws/install/status_interfaces/include/status_interfaces/status_interfaces/msg/detail/system_status__struct.hpp
[2.052s] -- Installing: /home/dfc/chapt3/topic_practice_ws/install/status_interfaces/include/status_interfaces/status_interfaces/msg/detail/system_status__traits.hpp
[2.052s] -- Installing: /home/dfc/chapt3/topic_practice_ws/install/status_interfaces/include/status_interfaces/status_interfaces/msg/system_status.hpp
[2.052s] -- Installing: /home/dfc/chapt3/topic_practice_ws/install/status_interfaces/include/status_interfaces/status_interfaces/msg/rosidl_generator_cpp__visibility_control.hpp
[2.053s] -- Up-to-date: /home/dfc/chapt3/topic_practice_ws/install/status_interfaces/include/status_interfaces/status_interfaces
[2.053s] -- Up-to-date: /home/dfc/chapt3/topic_practice_ws/install/status_interfaces/include/status_interfaces/status_interfaces/msg
[2.053s] -- Installing: /home/dfc/chapt3/topic_practice_ws/install/status_interfaces/include/status_interfaces/status_interfaces/msg/rosidl_typesupport_fastrtps_cpp__visibility_control.h
[2.053s] -- Up-to-date: /home/dfc/chapt3/topic_practice_ws/install/status_interfaces/include/status_interfaces/status_interfaces/msg/detail
[2.053s] -- Installing: /home/dfc/chapt3/topic_practice_ws/install/status_interfaces/include/status_interfaces/status_interfaces/msg/detail/dds_fastrtps
[2.053s] -- Installing: /home/dfc/chapt3/topic_practice_ws/install/status_interfaces/include/status_interfaces/status_interfaces/msg/detail/system_status__rosidl_typesupport_fastrtps_cpp.hpp
[2.053s] -- Installing: /home/dfc/chapt3/topic_practice_ws/install/status_interfaces/lib/libstatus_interfaces__rosidl_typesupport_fastrtps_cpp.so
[2.053s] -- Set runtime path of "/home/dfc/chapt3/topic_practice_ws/install/status_interfaces/lib/libstatus_interfaces__rosidl_typesupport_fastrtps_cpp.so" to ""
[2.053s] -- Up-to-date: /home/dfc/chapt3/topic_practice_ws/install/status_interfaces/include/status_interfaces/status_interfaces
[2.053s] -- Up-to-date: /home/dfc/chapt3/topic_practice_ws/install/status_interfaces/include/status_interfaces/status_interfaces/msg
[2.053s] -- Up-to-date: /home/dfc/chapt3/topic_practice_ws/install/status_interfaces/include/status_interfaces/status_interfaces/msg/detail
[2.053s] -- Installing: /home/dfc/chapt3/topic_practice_ws/install/status_interfaces/include/status_interfaces/status_interfaces/msg/detail/system_status__rosidl_typesupport_introspection_c.h
[2.053s] -- Installing: /home/dfc/chapt3/topic_practice_ws/install/status_interfaces/include/status_interfaces/status_interfaces/msg/detail/system_status__type_support.c
[2.053s] -- Installing: /home/dfc/chapt3/topic_practice_ws/install/status_interfaces/include/status_interfaces/status_interfaces/msg/rosidl_typesupport_introspection_c__visibility_control.h
[2.053s] -- Installing: /home/dfc/chapt3/topic_practice_ws/install/status_interfaces/lib/libstatus_interfaces__rosidl_typesupport_introspection_c.so
[2.053s] -- Set runtime path of "/home/dfc/chapt3/topic_practice_ws/install/status_interfaces/lib/libstatus_interfaces__rosidl_typesupport_introspection_c.so" to ""
[2.054s] -- Installing: /home/dfc/chapt3/topic_practice_ws/install/status_interfaces/lib/libstatus_interfaces__rosidl_typesupport_c.so
[2.054s] -- Set runtime path of "/home/dfc/chapt3/topic_practice_ws/install/status_interfaces/lib/libstatus_interfaces__rosidl_typesupport_c.so" to ""
[2.054s] -- Up-to-date: /home/dfc/chapt3/topic_practice_ws/install/status_interfaces/include/status_interfaces/status_interfaces
[2.054s] -- Up-to-date: /home/dfc/chapt3/topic_practice_ws/install/status_interfaces/include/status_interfaces/status_interfaces/msg
[2.054s] -- Up-to-date: /home/dfc/chapt3/topic_practice_ws/install/status_interfaces/include/status_interfaces/status_interfaces/msg/detail
[2.054s] -- Installing: /home/dfc/chapt3/topic_practice_ws/install/status_interfaces/include/status_interfaces/status_interfaces/msg/detail/system_status__rosidl_typesupport_introspection_cpp.hpp
[2.054s] -- Installing: /home/dfc/chapt3/topic_practice_ws/install/status_interfaces/include/status_interfaces/status_interfaces/msg/detail/system_status__type_support.cpp
[2.054s] -- Installing: /home/dfc/chapt3/topic_practice_ws/install/status_interfaces/lib/libstatus_interfaces__rosidl_typesupport_introspection_cpp.so
[2.054s] -- Set runtime path of "/home/dfc/chapt3/topic_practice_ws/install/status_interfaces/lib/libstatus_interfaces__rosidl_typesupport_introspection_cpp.so" to ""
[2.054s] -- Installing: /home/dfc/chapt3/topic_practice_ws/install/status_interfaces/lib/libstatus_interfaces__rosidl_typesupport_cpp.so
[2.054s] -- Set runtime path of "/home/dfc/chapt3/topic_practice_ws/install/status_interfaces/lib/libstatus_interfaces__rosidl_typesupport_cpp.so" to ""
[2.054s] -- Installing: /home/dfc/chapt3/topic_practice_ws/install/status_interfaces/share/status_interfaces/environment/pythonpath.sh
[2.054s] -- Installing: /home/dfc/chapt3/topic_practice_ws/install/status_interfaces/share/status_interfaces/environment/pythonpath.dsv
[2.054s] -- Installing: /home/dfc/chapt3/topic_practice_ws/install/status_interfaces/local/lib/python3.10/dist-packages/status_interfaces-0.0.0-py3.10.egg-info
[2.054s] -- Installing: /home/dfc/chapt3/topic_practice_ws/install/status_interfaces/local/lib/python3.10/dist-packages/status_interfaces-0.0.0-py3.10.egg-info/SOURCES.txt
[2.054s] -- Installing: /home/dfc/chapt3/topic_practice_ws/install/status_interfaces/local/lib/python3.10/dist-packages/status_interfaces-0.0.0-py3.10.egg-info/top_level.txt
[2.054s] -- Installing: /home/dfc/chapt3/topic_practice_ws/install/status_interfaces/local/lib/python3.10/dist-packages/status_interfaces-0.0.0-py3.10.egg-info/PKG-INFO
[2.054s] -- Installing: /home/dfc/chapt3/topic_practice_ws/install/status_interfaces/local/lib/python3.10/dist-packages/status_interfaces-0.0.0-py3.10.egg-info/dependency_links.txt
[2.055s] -- Installing: /home/dfc/chapt3/topic_practice_ws/install/status_interfaces/local/lib/python3.10/dist-packages/status_interfaces
[2.055s] -- Installing: /home/dfc/chapt3/topic_practice_ws/install/status_interfaces/local/lib/python3.10/dist-packages/status_interfaces/libstatus_interfaces__rosidl_generator_py.so
[2.055s] -- Installing: /home/dfc/chapt3/topic_practice_ws/install/status_interfaces/local/lib/python3.10/dist-packages/status_interfaces/status_interfaces_s__rosidl_typesupport_introspection_c.cpython-310-x86_64-linux-gnu.so
[2.055s] -- Installing: /home/dfc/chapt3/topic_practice_ws/install/status_interfaces/local/lib/python3.10/dist-packages/status_interfaces/status_interfaces_s__rosidl_typesupport_fastrtps_c.cpython-310-x86_64-linux-gnu.so
[2.055s] -- Installing: /home/dfc/chapt3/topic_practice_ws/install/status_interfaces/local/lib/python3.10/dist-packages/status_interfaces/_status_interfaces_s.ep.rosidl_typesupport_introspection_c.c
[2.055s] -- Installing: /home/dfc/chapt3/topic_practice_ws/install/status_interfaces/local/lib/python3.10/dist-packages/status_interfaces/__init__.py
[2.055s] -- Installing: /home/dfc/chapt3/topic_practice_ws/install/status_interfaces/local/lib/python3.10/dist-packages/status_interfaces/_status_interfaces_s.ep.rosidl_typesupport_fastrtps_c.c
[2.055s] -- Installing: /home/dfc/chapt3/topic_practice_ws/install/status_interfaces/local/lib/python3.10/dist-packages/status_interfaces/_status_interfaces_s.ep.rosidl_typesupport_c.c
[2.055s] -- Installing: /home/dfc/chapt3/topic_practice_ws/install/status_interfaces/local/lib/python3.10/dist-packages/status_interfaces/msg
[2.055s] -- Installing: /home/dfc/chapt3/topic_practice_ws/install/status_interfaces/local/lib/python3.10/dist-packages/status_interfaces/msg/_system_status.py
[2.055s] -- Installing: /home/dfc/chapt3/topic_practice_ws/install/status_interfaces/local/lib/python3.10/dist-packages/status_interfaces/msg/__init__.py
[2.055s] -- Installing: /home/dfc/chapt3/topic_practice_ws/install/status_interfaces/local/lib/python3.10/dist-packages/status_interfaces/msg/_system_status_s.c
[2.055s] -- Installing: /home/dfc/chapt3/topic_practice_ws/install/status_interfaces/local/lib/python3.10/dist-packages/status_interfaces/status_interfaces_s__rosidl_typesupport_c.cpython-310-x86_64-linux-gnu.so
[2.076s] Listing '/home/dfc/chapt3/topic_practice_ws/install/status_interfaces/local/lib/python3.10/dist-packages/status_interfaces'...
[2.076s] Compiling '/home/dfc/chapt3/topic_practice_ws/install/status_interfaces/local/lib/python3.10/dist-packages/status_interfaces/__init__.py'...
[2.077s] Listing '/home/dfc/chapt3/topic_practice_ws/install/status_interfaces/local/lib/python3.10/dist-packages/status_interfaces/msg'...
[2.077s] Compiling '/home/dfc/chapt3/topic_practice_ws/install/status_interfaces/local/lib/python3.10/dist-packages/status_interfaces/msg/__init__.py'...
[2.077s] Compiling '/home/dfc/chapt3/topic_practice_ws/install/status_interfaces/local/lib/python3.10/dist-packages/status_interfaces/msg/_system_status.py'...
[2.078s] -- Installing: /home/dfc/chapt3/topic_practice_ws/install/status_interfaces/local/lib/python3.10/dist-packages/status_interfaces/status_interfaces_s__rosidl_typesupport_fastrtps_c.cpython-310-x86_64-linux-gnu.so
[2.079s] -- Set runtime path of "/home/dfc/chapt3/topic_practice_ws/install/status_interfaces/local/lib/python3.10/dist-packages/status_interfaces/status_interfaces_s__rosidl_typesupport_fastrtps_c.cpython-310-x86_64-linux-gnu.so" to ""
[2.079s] -- Installing: /home/dfc/chapt3/topic_practice_ws/install/status_interfaces/local/lib/python3.10/dist-packages/status_interfaces/status_interfaces_s__rosidl_typesupport_introspection_c.cpython-310-x86_64-linux-gnu.so
[2.079s] -- Set runtime path of "/home/dfc/chapt3/topic_practice_ws/install/status_interfaces/local/lib/python3.10/dist-packages/status_interfaces/status_interfaces_s__rosidl_typesupport_introspection_c.cpython-310-x86_64-linux-gnu.so" to ""
[2.079s] -- Installing: /home/dfc/chapt3/topic_practice_ws/install/status_interfaces/local/lib/python3.10/dist-packages/status_interfaces/status_interfaces_s__rosidl_typesupport_c.cpython-310-x86_64-linux-gnu.so
[2.079s] -- Set runtime path of "/home/dfc/chapt3/topic_practice_ws/install/status_interfaces/local/lib/python3.10/dist-packages/status_interfaces/status_interfaces_s__rosidl_typesupport_c.cpython-310-x86_64-linux-gnu.so" to ""
[2.079s] -- Installing: /home/dfc/chapt3/topic_practice_ws/install/status_interfaces/lib/libstatus_interfaces__rosidl_generator_py.so
[2.079s] -- Set runtime path of "/home/dfc/chapt3/topic_practice_ws/install/status_interfaces/lib/libstatus_interfaces__rosidl_generator_py.so" to ""
[2.080s] -- Installing: /home/dfc/chapt3/topic_practice_ws/install/status_interfaces/share/ament_index/resource_index/rust_packages/status_interfaces
[2.080s] -- Installing: /home/dfc/chapt3/topic_practice_ws/install/status_interfaces/share/status_interfaces/rust
[2.080s] -- Installing: /home/dfc/chapt3/topic_practice_ws/install/status_interfaces/share/status_interfaces/rust/src
[2.080s] -- Installing: /home/dfc/chapt3/topic_practice_ws/install/status_interfaces/share/status_interfaces/rust/src/msg.rs
[2.080s] -- Installing: /home/dfc/chapt3/topic_practice_ws/install/status_interfaces/share/status_interfaces/rust/src/lib.rs
[2.080s] -- Installing: /home/dfc/chapt3/topic_practice_ws/install/status_interfaces/share/status_interfaces/rust/src/msg
[2.080s] -- Installing: /home/dfc/chapt3/topic_practice_ws/install/status_interfaces/share/status_interfaces/rust/src/msg/rmw.rs
[2.080s] -- Installing: /home/dfc/chapt3/topic_practice_ws/install/status_interfaces/share/status_interfaces/rust/build.rs
[2.081s] -- Installing: /home/dfc/chapt3/topic_practice_ws/install/status_interfaces/share/status_interfaces/rust/Cargo.toml
[2.081s] -- Installing: /home/dfc/chapt3/topic_practice_ws/install/status_interfaces/share/status_interfaces/msg/SystemStatus.idl
[2.081s] -- Installing: /home/dfc/chapt3/topic_practice_ws/install/status_interfaces/share/status_interfaces/msg/SystemStatus.msg
[2.081s] -- Installing: /home/dfc/chapt3/topic_practice_ws/install/status_interfaces/share/ament_index/resource_index/package_run_dependencies/status_interfaces
[2.081s] -- Installing: /home/dfc/chapt3/topic_practice_ws/install/status_interfaces/share/ament_index/resource_index/parent_prefix_path/status_interfaces
[2.081s] -- Installing: /home/dfc/chapt3/topic_practice_ws/install/status_interfaces/share/status_interfaces/environment/ament_prefix_path.sh
[2.081s] -- Installing: /home/dfc/chapt3/topic_practice_ws/install/status_interfaces/share/status_interfaces/environment/ament_prefix_path.dsv
[2.081s] -- Installing: /home/dfc/chapt3/topic_practice_ws/install/status_interfaces/share/status_interfaces/environment/path.sh
[2.081s] -- Installing: /home/dfc/chapt3/topic_practice_ws/install/status_interfaces/share/status_interfaces/environment/path.dsv
[2.081s] -- Installing: /home/dfc/chapt3/topic_practice_ws/install/status_interfaces/share/status_interfaces/local_setup.bash
[2.081s] -- Installing: /home/dfc/chapt3/topic_practice_ws/install/status_interfaces/share/status_interfaces/local_setup.sh
[2.081s] -- Installing: /home/dfc/chapt3/topic_practice_ws/install/status_interfaces/share/status_interfaces/local_setup.zsh
[2.081s] -- Installing: /home/dfc/chapt3/topic_practice_ws/install/status_interfaces/share/status_interfaces/local_setup.dsv
[2.081s] -- Installing: /home/dfc/chapt3/topic_practice_ws/install/status_interfaces/share/status_interfaces/package.dsv
[2.081s] -- Installing: /home/dfc/chapt3/topic_practice_ws/install/status_interfaces/share/ament_index/resource_index/packages/status_interfaces
[2.081s] -- Installing: /home/dfc/chapt3/topic_practice_ws/install/status_interfaces/share/status_interfaces/cmake/export_status_interfaces__rosidl_generator_cExport.cmake
[2.081s] -- Installing: /home/dfc/chapt3/topic_practice_ws/install/status_interfaces/share/status_interfaces/cmake/export_status_interfaces__rosidl_generator_cExport-noconfig.cmake
[2.081s] -- Installing: /home/dfc/chapt3/topic_practice_ws/install/status_interfaces/share/status_interfaces/cmake/export_status_interfaces__rosidl_typesupport_fastrtps_cExport.cmake
[2.081s] -- Installing: /home/dfc/chapt3/topic_practice_ws/install/status_interfaces/share/status_interfaces/cmake/export_status_interfaces__rosidl_typesupport_fastrtps_cExport-noconfig.cmake
[2.081s] -- Installing: /home/dfc/chapt3/topic_practice_ws/install/status_interfaces/share/status_interfaces/cmake/export_status_interfaces__rosidl_generator_cppExport.cmake
[2.082s] -- Installing: /home/dfc/chapt3/topic_practice_ws/install/status_interfaces/share/status_interfaces/cmake/export_status_interfaces__rosidl_typesupport_fastrtps_cppExport.cmake
[2.082s] -- Installing: /home/dfc/chapt3/topic_practice_ws/install/status_interfaces/share/status_interfaces/cmake/export_status_interfaces__rosidl_typesupport_fastrtps_cppExport-noconfig.cmake
[2.082s] -- Installing: /home/dfc/chapt3/topic_practice_ws/install/status_interfaces/share/status_interfaces/cmake/status_interfaces__rosidl_typesupport_introspection_cExport.cmake
[2.082s] -- Installing: /home/dfc/chapt3/topic_practice_ws/install/status_interfaces/share/status_interfaces/cmake/status_interfaces__rosidl_typesupport_introspection_cExport-noconfig.cmake
[2.082s] -- Installing: /home/dfc/chapt3/topic_practice_ws/install/status_interfaces/share/status_interfaces/cmake/status_interfaces__rosidl_typesupport_cExport.cmake
[2.082s] -- Installing: /home/dfc/chapt3/topic_practice_ws/install/status_interfaces/share/status_interfaces/cmake/status_interfaces__rosidl_typesupport_cExport-noconfig.cmake
[2.082s] -- Installing: /home/dfc/chapt3/topic_practice_ws/install/status_interfaces/share/status_interfaces/cmake/status_interfaces__rosidl_typesupport_introspection_cppExport.cmake
[2.082s] -- Installing: /home/dfc/chapt3/topic_practice_ws/install/status_interfaces/share/status_interfaces/cmake/status_interfaces__rosidl_typesupport_introspection_cppExport-noconfig.cmake
[2.082s] -- Installing: /home/dfc/chapt3/topic_practice_ws/install/status_interfaces/share/status_interfaces/cmake/status_interfaces__rosidl_typesupport_cppExport.cmake
[2.082s] -- Installing: /home/dfc/chapt3/topic_practice_ws/install/status_interfaces/share/status_interfaces/cmake/status_interfaces__rosidl_typesupport_cppExport-noconfig.cmake
[2.082s] -- Installing: /home/dfc/chapt3/topic_practice_ws/install/status_interfaces/share/status_interfaces/cmake/export_status_interfaces__rosidl_generator_pyExport.cmake
[2.082s] -- Installing: /home/dfc/chapt3/topic_practice_ws/install/status_interfaces/share/status_interfaces/cmake/export_status_interfaces__rosidl_generator_pyExport-noconfig.cmake
[2.082s] -- Installing: /home/dfc/chapt3/topic_practice_ws/install/status_interfaces/share/status_interfaces/cmake/rosidl_cmake-extras.cmake
[2.082s] -- Installing: /home/dfc/chapt3/topic_practice_ws/install/status_interfaces/share/status_interfaces/cmake/ament_cmake_export_dependencies-extras.cmake
[2.083s] -- Installing: /home/dfc/chapt3/topic_practice_ws/install/status_interfaces/share/status_interfaces/cmake/ament_cmake_export_include_directories-extras.cmake
[2.083s] -- Installing: /home/dfc/chapt3/topic_practice_ws/install/status_interfaces/share/status_interfaces/cmake/ament_cmake_export_libraries-extras.cmake
[2.083s] -- Installing: /home/dfc/chapt3/topic_practice_ws/install/status_interfaces/share/status_interfaces/cmake/ament_cmake_export_targets-extras.cmake
[2.083s] -- Installing: /home/dfc/chapt3/topic_practice_ws/install/status_interfaces/share/status_interfaces/cmake/rosidl_cmake_export_typesupport_targets-extras.cmake
[2.083s] -- Installing: /home/dfc/chapt3/topic_practice_ws/install/status_interfaces/share/status_interfaces/cmake/rosidl_cmake_export_typesupport_libraries-extras.cmake
[2.083s] -- Installing: /home/dfc/chapt3/topic_practice_ws/install/status_interfaces/share/status_interfaces/cmake/status_interfacesConfig.cmake
[2.083s] -- Installing: /home/dfc/chapt3/topic_practice_ws/install/status_interfaces/share/status_interfaces/cmake/status_interfacesConfig-version.cmake
[2.083s] -- Installing: /home/dfc/chapt3/topic_practice_ws/install/status_interfaces/share/status_interfaces/package.xml
[2.084s] Invoked command in '/home/dfc/chapt3/topic_practice_ws/build/status_interfaces' returned '0': CMAKE_PREFIX_PATH=${CMAKE_PREFIX_PATH}:/opt/ros/humble /usr/bin/cmake --install /home/dfc/chapt3/topic_practice_ws/build/status_interfaces
