[0.007s] Invoking command in '/home/dfc/chapt3/topic_practice_ws/build/status_display': AMENT_PREFIX_PATH=/home/dfc/chapt3/topic_practice_ws/install/status_interfaces:${AMENT_PREFIX_PATH} CMAKE_PREFIX_PATH=/home/dfc/chapt3/topic_practice_ws/install/status_interfaces:/home/dfc/ros2_ws/install/wpr_simulation2:/home/dfc/ros2_ws/install/lidar_pkg:/opt/ros/humble LD_LIBRARY_PATH=/home/dfc/chapt3/topic_practice_ws/install/status_interfaces/lib:${LD_LIBRARY_PATH} PYTHONPATH=/home/dfc/chapt3/topic_practice_ws/install/status_interfaces/local/lib/python3.10/dist-packages:${PYTHONPATH} /usr/bin/cmake /home/dfc/chapt3/topic_practice_ws/src/status_display -DCMAKE_INSTALL_PREFIX=/home/dfc/chapt3/topic_practice_ws/install/status_display
[0.018s] -- Found ament_cmake: 1.3.14 (/opt/ros/humble/share/ament_cmake/cmake)
[0.095s] -- Found rclcpp: 16.0.19 (/opt/ros/humble/share/rclcpp/cmake)
[0.112s] -- Found rosidl_generator_c: 3.1.8 (/opt/ros/humble/share/rosidl_generator_c/cmake)
[0.113s] -- Found rosidl_adapter: 3.1.8 (/opt/ros/humble/share/rosidl_adapter/cmake)
[0.116s] -- Found rosidl_generator_cpp: 3.1.8 (/opt/ros/humble/share/rosidl_generator_cpp/cmake)
[0.122s] -- Using all available rosidl_typesupport_c: rosidl_typesupport_fastrtps_c;rosidl_typesupport_introspection_c
[0.129s] -- Using all available rosidl_typesupport_cpp: rosidl_typesupport_fastrtps_cpp;rosidl_typesupport_introspection_cpp
[0.148s] -- Found rmw_implementation_cmake: 6.1.2 (/opt/ros/humble/share/rmw_implementation_cmake/cmake)
[0.149s] -- Found rmw_fastrtps_cpp: 6.2.10 (/opt/ros/humble/share/rmw_fastrtps_cpp/cmake)
[0.213s] -- Using RMW implementation 'rmw_fastrtps_cpp' as default
[0.242s] -- Found status_interfaces: 0.0.0 (/home/dfc/chapt3/topic_practice_ws/install/status_interfaces/share/status_interfaces/cmake)
[0.269s] -- Found ament_lint_auto: 0.12.15 (/opt/ros/humble/share/ament_lint_auto/cmake)
[0.329s] -- Added test 'cppcheck' to perform static code analysis on C / C++ code
[0.329s] -- Configured cppcheck include dirs: 
[0.329s] -- Configured cppcheck exclude dirs and/or files: 
[0.330s] -- Added test 'lint_cmake' to check CMake code style
[0.331s] -- Added test 'uncrustify' to check C / C++ code style
[0.331s] -- Configured uncrustify additional arguments: 
[0.331s] -- Added test 'xmllint' to check XML markup files
[0.333s] -- Configuring done
[0.334s] [31mCMake Error at CMakeLists.txt:14 (add_executable):
[0.335s]   Cannot find source file:
[0.335s] 
[0.335s]     src/hello_qt.cpp
[0.335s] 
[0.335s]   Tried extensions .c .C .c++ .cc .cpp .cxx .cu .mpp .m .M .mm .ixx .cppm .h
[0.335s]   .hh .h++ .hm .hpp .hxx .in .txx .f .F .for .f77 .f90 .f95 .f03 .hip .ispc
[0.335s] 
[0.335s] [0m
[0.335s] [31mCMake Error at CMakeLists.txt:14 (add_executable):
[0.335s]   No SOURCES given to target: hello_qt
[0.335s] 
[0.335s] [0m
[0.335s] [0mCMake Generate step failed.  Build files cannot be regenerated correctly.[0m
[0.340s] Invoked command in '/home/dfc/chapt3/topic_practice_ws/build/status_display' returned '1': AMENT_PREFIX_PATH=/home/dfc/chapt3/topic_practice_ws/install/status_interfaces:${AMENT_PREFIX_PATH} CMAKE_PREFIX_PATH=/home/dfc/chapt3/topic_practice_ws/install/status_interfaces:/home/dfc/ros2_ws/install/wpr_simulation2:/home/dfc/ros2_ws/install/lidar_pkg:/opt/ros/humble LD_LIBRARY_PATH=/home/dfc/chapt3/topic_practice_ws/install/status_interfaces/lib:${LD_LIBRARY_PATH} PYTHONPATH=/home/dfc/chapt3/topic_practice_ws/install/status_interfaces/local/lib/python3.10/dist-packages:${PYTHONPATH} /usr/bin/cmake /home/dfc/chapt3/topic_practice_ws/src/status_display -DCMAKE_INSTALL_PREFIX=/home/dfc/chapt3/topic_practice_ws/install/status_display
