[0.010s] Invoking command in '/home/dfc/chapt3/topic_practice_ws/build/status_display': AMENT_PREFIX_PATH=/home/dfc/chapt3/topic_practice_ws/install/status_interfaces:${AMENT_PREFIX_PATH} CMAKE_PREFIX_PATH=/home/dfc/chapt3/topic_practice_ws/install/status_interfaces:/home/dfc/ros2_ws/install/wpr_simulation2:/home/dfc/ros2_ws/install/lidar_pkg:/opt/ros/humble LD_LIBRARY_PATH=/home/dfc/chapt3/topic_practice_ws/install/status_interfaces/lib:${LD_LIBRARY_PATH} PYTHONPATH=/home/dfc/chapt3/topic_practice_ws/install/status_interfaces/local/lib/python3.10/dist-packages:${PYTHONPATH} /usr/bin/cmake --build /home/dfc/chapt3/topic_practice_ws/build/status_display -- -j8 -l8
[0.041s] [35m[1mConsolidate compiler generated dependencies of target hello_qt[0m
[0.052s] [ 50%] [32mBuilding CXX object CMakeFiles/hello_qt.dir/src/hello_qt.cpp.o[0m
[0.771s] [100%] [32m[1mLinking CXX executable hello_qt[0m
[0.975s] [100%] Built target hello_qt
[0.983s] Invoked command in '/home/dfc/chapt3/topic_practice_ws/build/status_display' returned '0': AMENT_PREFIX_PATH=/home/dfc/chapt3/topic_practice_ws/install/status_interfaces:${AMENT_PREFIX_PATH} CMAKE_PREFIX_PATH=/home/dfc/chapt3/topic_practice_ws/install/status_interfaces:/home/dfc/ros2_ws/install/wpr_simulation2:/home/dfc/ros2_ws/install/lidar_pkg:/opt/ros/humble LD_LIBRARY_PATH=/home/dfc/chapt3/topic_practice_ws/install/status_interfaces/lib:${LD_LIBRARY_PATH} PYTHONPATH=/home/dfc/chapt3/topic_practice_ws/install/status_interfaces/local/lib/python3.10/dist-packages:${PYTHONPATH} /usr/bin/cmake --build /home/dfc/chapt3/topic_practice_ws/build/status_display -- -j8 -l8
[0.985s] Invoking command in '/home/dfc/chapt3/topic_practice_ws/build/status_display': AMENT_PREFIX_PATH=/home/dfc/chapt3/topic_practice_ws/install/status_interfaces:${AMENT_PREFIX_PATH} CMAKE_PREFIX_PATH=/home/dfc/chapt3/topic_practice_ws/install/status_interfaces:/home/dfc/ros2_ws/install/wpr_simulation2:/home/dfc/ros2_ws/install/lidar_pkg:/opt/ros/humble LD_LIBRARY_PATH=/home/dfc/chapt3/topic_practice_ws/install/status_interfaces/lib:${LD_LIBRARY_PATH} PYTHONPATH=/home/dfc/chapt3/topic_practice_ws/install/status_interfaces/local/lib/python3.10/dist-packages:${PYTHONPATH} /usr/bin/cmake --install /home/dfc/chapt3/topic_practice_ws/build/status_display
[0.989s] -- Install configuration: ""
[0.990s] -- Installing: /home/dfc/chapt3/topic_practice_ws/install/status_display/lib/status_display/hello_qt
[0.990s] -- Installing: /home/dfc/chapt3/topic_practice_ws/install/status_display/share/ament_index/resource_index/package_run_dependencies/status_display
[0.990s] -- Installing: /home/dfc/chapt3/topic_practice_ws/install/status_display/share/ament_index/resource_index/parent_prefix_path/status_display
[0.990s] -- Installing: /home/dfc/chapt3/topic_practice_ws/install/status_display/share/status_display/environment/ament_prefix_path.sh
[0.990s] -- Installing: /home/dfc/chapt3/topic_practice_ws/install/status_display/share/status_display/environment/ament_prefix_path.dsv
[0.990s] -- Installing: /home/dfc/chapt3/topic_practice_ws/install/status_display/share/status_display/environment/path.sh
[0.990s] -- Installing: /home/dfc/chapt3/topic_practice_ws/install/status_display/share/status_display/environment/path.dsv
[0.990s] -- Installing: /home/dfc/chapt3/topic_practice_ws/install/status_display/share/status_display/local_setup.bash
[0.991s] -- Installing: /home/dfc/chapt3/topic_practice_ws/install/status_display/share/status_display/local_setup.sh
[0.991s] -- Installing: /home/dfc/chapt3/topic_practice_ws/install/status_display/share/status_display/local_setup.zsh
[0.991s] -- Installing: /home/dfc/chapt3/topic_practice_ws/install/status_display/share/status_display/local_setup.dsv
[0.991s] -- Up-to-date: /home/dfc/chapt3/topic_practice_ws/install/status_display/share/status_display/package.dsv
[0.991s] -- Installing: /home/dfc/chapt3/topic_practice_ws/install/status_display/share/ament_index/resource_index/packages/status_display
[0.991s] -- Installing: /home/dfc/chapt3/topic_practice_ws/install/status_display/share/status_display/cmake/status_displayConfig.cmake
[0.991s] -- Installing: /home/dfc/chapt3/topic_practice_ws/install/status_display/share/status_display/cmake/status_displayConfig-version.cmake
[0.991s] -- Installing: /home/dfc/chapt3/topic_practice_ws/install/status_display/share/status_display/package.xml
[0.993s] Invoked command in '/home/dfc/chapt3/topic_practice_ws/build/status_display' returned '0': AMENT_PREFIX_PATH=/home/dfc/chapt3/topic_practice_ws/install/status_interfaces:${AMENT_PREFIX_PATH} CMAKE_PREFIX_PATH=/home/dfc/chapt3/topic_practice_ws/install/status_interfaces:/home/dfc/ros2_ws/install/wpr_simulation2:/home/dfc/ros2_ws/install/lidar_pkg:/opt/ros/humble LD_LIBRARY_PATH=/home/dfc/chapt3/topic_practice_ws/install/status_interfaces/lib:${LD_LIBRARY_PATH} PYTHONPATH=/home/dfc/chapt3/topic_practice_ws/install/status_interfaces/local/lib/python3.10/dist-packages:${PYTHONPATH} /usr/bin/cmake --install /home/dfc/chapt3/topic_practice_ws/build/status_display
