[0.467s] Invoking command in '/home/dfc/chapt3/topic_practice_ws/src/status_publisher': PYTHONPATH=/home/dfc/chapt3/topic_practice_ws/build/status_publisher/prefix_override:/usr/lib/python3/dist-packages/colcon_core/task/python/colcon_distutils_commands:/home/dfc/chapt3/topic_practice_ws/install/status_publisher/lib/python3.10/site-packages:${PYTHONPATH} /usr/bin/python3 -W ignore:setup.py install is deprecated -W ignore:easy_install command is deprecated setup.py egg_info --egg-base ../../build/status_publisher build --build-base /home/dfc/chapt3/topic_practice_ws/build/status_publisher/build install --record /home/dfc/chapt3/topic_practice_ws/build/status_publisher/install.log --single-version-externally-managed install_data
[0.649s] running egg_info
[0.649s] writing ../../build/status_publisher/status_publisher.egg-info/PKG-INFO
[0.649s] writing dependency_links to ../../build/status_publisher/status_publisher.egg-info/dependency_links.txt
[0.650s] writing entry points to ../../build/status_publisher/status_publisher.egg-info/entry_points.txt
[0.650s] writing requirements to ../../build/status_publisher/status_publisher.egg-info/requires.txt
[0.650s] writing top-level names to ../../build/status_publisher/status_publisher.egg-info/top_level.txt
[0.652s] reading manifest file '../../build/status_publisher/status_publisher.egg-info/SOURCES.txt'
[0.653s] adding license file 'LICENSE'
[0.653s] writing manifest file '../../build/status_publisher/status_publisher.egg-info/SOURCES.txt'
[0.653s] running build
[0.653s] running build_py
[0.653s] copying status_publisher/sys_status_pub.py -> /home/dfc/chapt3/topic_practice_ws/build/status_publisher/build/lib/status_publisher
[0.653s] running install
[0.653s] running install_lib
[0.653s] copying /home/dfc/chapt3/topic_practice_ws/build/status_publisher/build/lib/status_publisher/sys_status_pub.py -> /home/dfc/chapt3/topic_practice_ws/install/status_publisher/lib/python3.10/site-packages/status_publisher
[0.653s] byte-compiling /home/dfc/chapt3/topic_practice_ws/install/status_publisher/lib/python3.10/site-packages/status_publisher/sys_status_pub.py to sys_status_pub.cpython-310.pyc
[0.654s] running install_data
[0.654s] running install_egg_info
[0.656s] removing '/home/dfc/chapt3/topic_practice_ws/install/status_publisher/lib/python3.10/site-packages/status_publisher-0.0.0-py3.10.egg-info' (and everything under it)
[0.656s] Copying ../../build/status_publisher/status_publisher.egg-info to /home/dfc/chapt3/topic_practice_ws/install/status_publisher/lib/python3.10/site-packages/status_publisher-0.0.0-py3.10.egg-info
[0.656s] running install_scripts
[0.679s] Installing sys_status_pub script to /home/dfc/chapt3/topic_practice_ws/install/status_publisher/lib/status_publisher
[0.680s] writing list of installed files to '/home/dfc/chapt3/topic_practice_ws/build/status_publisher/install.log'
[0.693s] Invoked command in '/home/dfc/chapt3/topic_practice_ws/src/status_publisher' returned '0': PYTHONPATH=/home/dfc/chapt3/topic_practice_ws/build/status_publisher/prefix_override:/usr/lib/python3/dist-packages/colcon_core/task/python/colcon_distutils_commands:/home/dfc/chapt3/topic_practice_ws/install/status_publisher/lib/python3.10/site-packages:${PYTHONPATH} /usr/bin/python3 -W ignore:setup.py install is deprecated -W ignore:easy_install command is deprecated setup.py egg_info --egg-base ../../build/status_publisher build --build-base /home/dfc/chapt3/topic_practice_ws/build/status_publisher/build install --record /home/dfc/chapt3/topic_practice_ws/build/status_publisher/install.log --single-version-externally-managed install_data
