[0.067s] DEBUG:colcon:Command line arguments: ['/usr/bin/colcon', 'build']
[0.068s] DEBUG:colcon:Parsed command line arguments: Namespace(log_base=None, log_level=None, verb_name='build', build_base='build', install_base='install', merge_install=False, symlink_install=False, test_result_base=None, continue_on_error=False, executor='parallel', parallel_workers=8, event_handlers=None, ignore_user_meta=False, metas=['./colcon.meta'], base_paths=['.'], packages_ignore=None, packages_ignore_regex=None, paths=None, packages_up_to=None, packages_up_to_regex=None, packages_above=None, packages_above_and_dependencies=None, packages_above_depth=None, packages_select_by_dep=None, packages_skip_by_dep=None, packages_skip_up_to=None, packages_select_build_failed=False, packages_skip_build_finished=False, packages_select_test_failures=False, packages_skip_test_passed=False, packages_select=None, packages_skip=None, packages_select_regex=None, packages_skip_regex=None, packages_start=None, packages_end=None, allow_overriding=[], cmake_args=None, cmake_target=None, cmake_target_skip_unavailable=False, cmake_clean_cache=False, cmake_clean_first=False, cmake_force_configure=False, ament_cmake_args=None, catkin_cmake_args=None, catkin_skip_building_tests=False, mixin_files=None, mixin=None, verb_parser=<colcon_mixin.mixin.mixin_argument.MixinArgumentDecorator object at 0x71cb9072a650>, verb_extension=<colcon_core.verb.build.BuildVerb object at 0x71cb90729c30>, main=<bound method BuildVerb.main of <colcon_core.verb.build.BuildVerb object at 0x71cb90729c30>>, mixin_verb=('build',))
[0.166s] Level 1:colcon.colcon_core.package_discovery:discover_packages(colcon_meta) check parameters
[0.166s] Level 1:colcon.colcon_core.package_discovery:discover_packages(recursive) check parameters
[0.166s] Level 1:colcon.colcon_core.package_discovery:discover_packages(ignore) check parameters
[0.166s] Level 1:colcon.colcon_core.package_discovery:discover_packages(path) check parameters
[0.166s] Level 1:colcon.colcon_core.package_discovery:discover_packages(colcon_meta) discover
[0.166s] Level 1:colcon.colcon_core.package_discovery:discover_packages(recursive) discover
[0.166s] INFO:colcon.colcon_core.package_discovery:Crawling recursively for packages in '/home/dfc/chapt3/topic_practice_ws'
[0.166s] Level 1:colcon.colcon_core.package_identification:_identify(.) by extensions ['ignore', 'ignore_ament_install']
[0.166s] Level 1:colcon.colcon_core.package_identification:_identify(.) by extension 'ignore'
[0.166s] Level 1:colcon.colcon_core.package_identification:_identify(.) by extension 'ignore_ament_install'
[0.167s] Level 1:colcon.colcon_core.package_identification:_identify(.) by extensions ['colcon_pkg']
[0.167s] Level 1:colcon.colcon_core.package_identification:_identify(.) by extension 'colcon_pkg'
[0.167s] Level 1:colcon.colcon_core.package_identification:_identify(.) by extensions ['colcon_meta']
[0.167s] Level 1:colcon.colcon_core.package_identification:_identify(.) by extension 'colcon_meta'
[0.167s] Level 1:colcon.colcon_core.package_identification:_identify(.) by extensions ['ros']
[0.167s] Level 1:colcon.colcon_core.package_identification:_identify(.) by extension 'ros'
[0.174s] Level 1:colcon.colcon_core.package_identification:_identify(.) by extensions ['cmake', 'python']
[0.174s] Level 1:colcon.colcon_core.package_identification:_identify(.) by extension 'cmake'
[0.174s] Level 1:colcon.colcon_core.package_identification:_identify(.) by extension 'python'
[0.174s] Level 1:colcon.colcon_core.package_identification:_identify(.) by extensions ['python_setup_py']
[0.174s] Level 1:colcon.colcon_core.package_identification:_identify(.) by extension 'python_setup_py'
[0.174s] Level 1:colcon.colcon_core.package_identification:_identify(build) by extensions ['ignore', 'ignore_ament_install']
[0.174s] Level 1:colcon.colcon_core.package_identification:_identify(build) by extension 'ignore'
[0.174s] Level 1:colcon.colcon_core.package_identification:_identify(build) ignored
[0.174s] Level 1:colcon.colcon_core.package_identification:_identify(install) by extensions ['ignore', 'ignore_ament_install']
[0.174s] Level 1:colcon.colcon_core.package_identification:_identify(install) by extension 'ignore'
[0.174s] Level 1:colcon.colcon_core.package_identification:_identify(install) ignored
[0.174s] Level 1:colcon.colcon_core.package_identification:_identify(log) by extensions ['ignore', 'ignore_ament_install']
[0.174s] Level 1:colcon.colcon_core.package_identification:_identify(log) by extension 'ignore'
[0.174s] Level 1:colcon.colcon_core.package_identification:_identify(log) ignored
[0.175s] Level 1:colcon.colcon_core.package_identification:_identify(src) by extensions ['ignore', 'ignore_ament_install']
[0.175s] Level 1:colcon.colcon_core.package_identification:_identify(src) by extension 'ignore'
[0.175s] Level 1:colcon.colcon_core.package_identification:_identify(src) by extension 'ignore_ament_install'
[0.175s] Level 1:colcon.colcon_core.package_identification:_identify(src) by extensions ['colcon_pkg']
[0.175s] Level 1:colcon.colcon_core.package_identification:_identify(src) by extension 'colcon_pkg'
[0.175s] Level 1:colcon.colcon_core.package_identification:_identify(src) by extensions ['colcon_meta']
[0.175s] Level 1:colcon.colcon_core.package_identification:_identify(src) by extension 'colcon_meta'
[0.175s] Level 1:colcon.colcon_core.package_identification:_identify(src) by extensions ['ros']
[0.175s] Level 1:colcon.colcon_core.package_identification:_identify(src) by extension 'ros'
[0.175s] Level 1:colcon.colcon_core.package_identification:_identify(src) by extensions ['cmake', 'python']
[0.175s] Level 1:colcon.colcon_core.package_identification:_identify(src) by extension 'cmake'
[0.175s] Level 1:colcon.colcon_core.package_identification:_identify(src) by extension 'python'
[0.175s] Level 1:colcon.colcon_core.package_identification:_identify(src) by extensions ['python_setup_py']
[0.175s] Level 1:colcon.colcon_core.package_identification:_identify(src) by extension 'python_setup_py'
[0.175s] Level 1:colcon.colcon_core.package_identification:_identify(src/status_display) by extensions ['ignore', 'ignore_ament_install']
[0.175s] Level 1:colcon.colcon_core.package_identification:_identify(src/status_display) by extension 'ignore'
[0.175s] Level 1:colcon.colcon_core.package_identification:_identify(src/status_display) by extension 'ignore_ament_install'
[0.175s] Level 1:colcon.colcon_core.package_identification:_identify(src/status_display) by extensions ['colcon_pkg']
[0.175s] Level 1:colcon.colcon_core.package_identification:_identify(src/status_display) by extension 'colcon_pkg'
[0.175s] Level 1:colcon.colcon_core.package_identification:_identify(src/status_display) by extensions ['colcon_meta']
[0.175s] Level 1:colcon.colcon_core.package_identification:_identify(src/status_display) by extension 'colcon_meta'
[0.175s] Level 1:colcon.colcon_core.package_identification:_identify(src/status_display) by extensions ['ros']
[0.175s] Level 1:colcon.colcon_core.package_identification:_identify(src/status_display) by extension 'ros'
[0.177s] DEBUG:colcon.colcon_core.package_identification:Package 'src/status_display' with type 'ros.ament_cmake' and name 'status_display'
[0.177s] Level 1:colcon.colcon_core.package_identification:_identify(src/status_interfaces) by extensions ['ignore', 'ignore_ament_install']
[0.177s] Level 1:colcon.colcon_core.package_identification:_identify(src/status_interfaces) by extension 'ignore'
[0.177s] Level 1:colcon.colcon_core.package_identification:_identify(src/status_interfaces) by extension 'ignore_ament_install'
[0.177s] Level 1:colcon.colcon_core.package_identification:_identify(src/status_interfaces) by extensions ['colcon_pkg']
[0.177s] Level 1:colcon.colcon_core.package_identification:_identify(src/status_interfaces) by extension 'colcon_pkg'
[0.177s] Level 1:colcon.colcon_core.package_identification:_identify(src/status_interfaces) by extensions ['colcon_meta']
[0.177s] Level 1:colcon.colcon_core.package_identification:_identify(src/status_interfaces) by extension 'colcon_meta'
[0.177s] Level 1:colcon.colcon_core.package_identification:_identify(src/status_interfaces) by extensions ['ros']
[0.177s] Level 1:colcon.colcon_core.package_identification:_identify(src/status_interfaces) by extension 'ros'
[0.178s] DEBUG:colcon.colcon_core.package_identification:Package 'src/status_interfaces' with type 'ros.ament_cmake' and name 'status_interfaces'
[0.178s] Level 1:colcon.colcon_core.package_identification:_identify(src/status_publisher) by extensions ['ignore', 'ignore_ament_install']
[0.178s] Level 1:colcon.colcon_core.package_identification:_identify(src/status_publisher) by extension 'ignore'
[0.178s] Level 1:colcon.colcon_core.package_identification:_identify(src/status_publisher) by extension 'ignore_ament_install'
[0.178s] Level 1:colcon.colcon_core.package_identification:_identify(src/status_publisher) by extensions ['colcon_pkg']
[0.178s] Level 1:colcon.colcon_core.package_identification:_identify(src/status_publisher) by extension 'colcon_pkg'
[0.178s] Level 1:colcon.colcon_core.package_identification:_identify(src/status_publisher) by extensions ['colcon_meta']
[0.178s] Level 1:colcon.colcon_core.package_identification:_identify(src/status_publisher) by extension 'colcon_meta'
[0.178s] Level 1:colcon.colcon_core.package_identification:_identify(src/status_publisher) by extensions ['ros']
[0.178s] Level 1:colcon.colcon_core.package_identification:_identify(src/status_publisher) by extension 'ros'
[0.179s] DEBUG:colcon.colcon_core.package_identification:Package 'src/status_publisher' with type 'ros.ament_python' and name 'status_publisher'
[0.179s] Level 1:colcon.colcon_core.package_discovery:discover_packages(recursive) using defaults
[0.179s] Level 1:colcon.colcon_core.package_discovery:discover_packages(ignore) discover
[0.179s] Level 1:colcon.colcon_core.package_discovery:discover_packages(ignore) using defaults
[0.179s] Level 1:colcon.colcon_core.package_discovery:discover_packages(path) discover
[0.179s] Level 1:colcon.colcon_core.package_discovery:discover_packages(path) using defaults
[0.198s] Level 1:colcon.colcon_core.package_discovery:discover_packages(prefix_path) check parameters
[0.198s] Level 1:colcon.colcon_core.package_discovery:discover_packages(prefix_path) discover
[0.199s] DEBUG:colcon.colcon_installed_package_information.package_discovery:Found 2 installed packages in /home/dfc/ros2_ws/install
[0.200s] DEBUG:colcon.colcon_installed_package_information.package_discovery:Found 370 installed packages in /opt/ros/humble
[0.201s] Level 1:colcon.colcon_core.package_discovery:discover_packages(prefix_path) using defaults
[0.230s] Level 5:colcon.colcon_core.verb:set package 'status_interfaces' build argument 'cmake_args' from command line to 'None'
[0.230s] Level 5:colcon.colcon_core.verb:set package 'status_interfaces' build argument 'cmake_target' from command line to 'None'
[0.230s] Level 5:colcon.colcon_core.verb:set package 'status_interfaces' build argument 'cmake_target_skip_unavailable' from command line to 'False'
[0.230s] Level 5:colcon.colcon_core.verb:set package 'status_interfaces' build argument 'cmake_clean_cache' from command line to 'False'
[0.230s] Level 5:colcon.colcon_core.verb:set package 'status_interfaces' build argument 'cmake_clean_first' from command line to 'False'
[0.230s] Level 5:colcon.colcon_core.verb:set package 'status_interfaces' build argument 'cmake_force_configure' from command line to 'False'
[0.230s] Level 5:colcon.colcon_core.verb:set package 'status_interfaces' build argument 'ament_cmake_args' from command line to 'None'
[0.230s] Level 5:colcon.colcon_core.verb:set package 'status_interfaces' build argument 'catkin_cmake_args' from command line to 'None'
[0.230s] Level 5:colcon.colcon_core.verb:set package 'status_interfaces' build argument 'catkin_skip_building_tests' from command line to 'False'
[0.230s] DEBUG:colcon.colcon_core.verb:Building package 'status_interfaces' with the following arguments: {'ament_cmake_args': None, 'build_base': '/home/dfc/chapt3/topic_practice_ws/build/status_interfaces', 'catkin_cmake_args': None, 'catkin_skip_building_tests': False, 'cmake_args': None, 'cmake_clean_cache': False, 'cmake_clean_first': False, 'cmake_force_configure': False, 'cmake_target': None, 'cmake_target_skip_unavailable': False, 'install_base': '/home/dfc/chapt3/topic_practice_ws/install/status_interfaces', 'merge_install': False, 'path': '/home/dfc/chapt3/topic_practice_ws/src/status_interfaces', 'symlink_install': False, 'test_result_base': None}
[0.230s] Level 5:colcon.colcon_core.verb:set package 'status_display' build argument 'cmake_args' from command line to 'None'
[0.230s] Level 5:colcon.colcon_core.verb:set package 'status_display' build argument 'cmake_target' from command line to 'None'
[0.230s] Level 5:colcon.colcon_core.verb:set package 'status_display' build argument 'cmake_target_skip_unavailable' from command line to 'False'
[0.230s] Level 5:colcon.colcon_core.verb:set package 'status_display' build argument 'cmake_clean_cache' from command line to 'False'
[0.230s] Level 5:colcon.colcon_core.verb:set package 'status_display' build argument 'cmake_clean_first' from command line to 'False'
[0.230s] Level 5:colcon.colcon_core.verb:set package 'status_display' build argument 'cmake_force_configure' from command line to 'False'
[0.230s] Level 5:colcon.colcon_core.verb:set package 'status_display' build argument 'ament_cmake_args' from command line to 'None'
[0.230s] Level 5:colcon.colcon_core.verb:set package 'status_display' build argument 'catkin_cmake_args' from command line to 'None'
[0.230s] Level 5:colcon.colcon_core.verb:set package 'status_display' build argument 'catkin_skip_building_tests' from command line to 'False'
[0.230s] DEBUG:colcon.colcon_core.verb:Building package 'status_display' with the following arguments: {'ament_cmake_args': None, 'build_base': '/home/dfc/chapt3/topic_practice_ws/build/status_display', 'catkin_cmake_args': None, 'catkin_skip_building_tests': False, 'cmake_args': None, 'cmake_clean_cache': False, 'cmake_clean_first': False, 'cmake_force_configure': False, 'cmake_target': None, 'cmake_target_skip_unavailable': False, 'install_base': '/home/dfc/chapt3/topic_practice_ws/install/status_display', 'merge_install': False, 'path': '/home/dfc/chapt3/topic_practice_ws/src/status_display', 'symlink_install': False, 'test_result_base': None}
[0.230s] Level 5:colcon.colcon_core.verb:set package 'status_publisher' build argument 'cmake_args' from command line to 'None'
[0.230s] Level 5:colcon.colcon_core.verb:set package 'status_publisher' build argument 'cmake_target' from command line to 'None'
[0.230s] Level 5:colcon.colcon_core.verb:set package 'status_publisher' build argument 'cmake_target_skip_unavailable' from command line to 'False'
[0.231s] Level 5:colcon.colcon_core.verb:set package 'status_publisher' build argument 'cmake_clean_cache' from command line to 'False'
[0.231s] Level 5:colcon.colcon_core.verb:set package 'status_publisher' build argument 'cmake_clean_first' from command line to 'False'
[0.231s] Level 5:colcon.colcon_core.verb:set package 'status_publisher' build argument 'cmake_force_configure' from command line to 'False'
[0.231s] Level 5:colcon.colcon_core.verb:set package 'status_publisher' build argument 'ament_cmake_args' from command line to 'None'
[0.231s] Level 5:colcon.colcon_core.verb:set package 'status_publisher' build argument 'catkin_cmake_args' from command line to 'None'
[0.231s] Level 5:colcon.colcon_core.verb:set package 'status_publisher' build argument 'catkin_skip_building_tests' from command line to 'False'
[0.231s] DEBUG:colcon.colcon_core.verb:Building package 'status_publisher' with the following arguments: {'ament_cmake_args': None, 'build_base': '/home/dfc/chapt3/topic_practice_ws/build/status_publisher', 'catkin_cmake_args': None, 'catkin_skip_building_tests': False, 'cmake_args': None, 'cmake_clean_cache': False, 'cmake_clean_first': False, 'cmake_force_configure': False, 'cmake_target': None, 'cmake_target_skip_unavailable': False, 'install_base': '/home/dfc/chapt3/topic_practice_ws/install/status_publisher', 'merge_install': False, 'path': '/home/dfc/chapt3/topic_practice_ws/src/status_publisher', 'symlink_install': False, 'test_result_base': None}
[0.231s] INFO:colcon.colcon_core.executor:Executing jobs using 'parallel' executor
[0.232s] DEBUG:colcon.colcon_parallel_executor.executor.parallel:run_until_complete
[0.232s] INFO:colcon.colcon_ros.task.ament_cmake.build:Building ROS package in '/home/dfc/chapt3/topic_practice_ws/src/status_interfaces' with build type 'ament_cmake'
[0.232s] INFO:colcon.colcon_cmake.task.cmake.build:Building CMake package in '/home/dfc/chapt3/topic_practice_ws/src/status_interfaces'
[0.233s] INFO:colcon.colcon_core.plugin_system:Skipping extension 'colcon_core.shell.bat': Not used on non-Windows systems
[0.233s] INFO:colcon.colcon_core.shell:Skip shell extension 'powershell' for command environment: Not usable outside of PowerShell
[0.234s] DEBUG:colcon.colcon_core.shell:Skip shell extension 'dsv' for command environment
[0.244s] DEBUG:colcon.colcon_core.event_handler.log_command:Invoking command in '/home/dfc/chapt3/topic_practice_ws/build/status_interfaces': CMAKE_PREFIX_PATH=${CMAKE_PREFIX_PATH}:/opt/ros/humble /usr/bin/cmake --build /home/dfc/chapt3/topic_practice_ws/build/status_interfaces -- -j8 -l8
[0.456s] DEBUG:colcon.colcon_core.event_handler.log_command:Invoked command in '/home/dfc/chapt3/topic_practice_ws/build/status_interfaces' returned '0': CMAKE_PREFIX_PATH=${CMAKE_PREFIX_PATH}:/opt/ros/humble /usr/bin/cmake --build /home/dfc/chapt3/topic_practice_ws/build/status_interfaces -- -j8 -l8
[0.464s] DEBUG:colcon.colcon_core.event_handler.log_command:Invoking command in '/home/dfc/chapt3/topic_practice_ws/build/status_interfaces': CMAKE_PREFIX_PATH=${CMAKE_PREFIX_PATH}:/opt/ros/humble /usr/bin/cmake --install /home/dfc/chapt3/topic_practice_ws/build/status_interfaces
[0.499s] Level 1:colcon.colcon_core.environment:create_environment_scripts_only(status_interfaces)
[0.500s] DEBUG:colcon.colcon_core.event_handler.log_command:Invoked command in '/home/dfc/chapt3/topic_practice_ws/build/status_interfaces' returned '0': CMAKE_PREFIX_PATH=${CMAKE_PREFIX_PATH}:/opt/ros/humble /usr/bin/cmake --install /home/dfc/chapt3/topic_practice_ws/build/status_interfaces
[0.501s] Level 1:colcon.colcon_core.environment:checking '/home/dfc/chapt3/topic_practice_ws/install/status_interfaces' for CMake module files
[0.502s] Level 1:colcon.colcon_core.environment:checking '/home/dfc/chapt3/topic_practice_ws/install/status_interfaces' for CMake config files
[0.502s] Level 1:colcon.colcon_core.shell:create_environment_hook('status_interfaces', 'cmake_prefix_path')
[0.502s] INFO:colcon.colcon_core.shell:Creating environment hook '/home/dfc/chapt3/topic_practice_ws/install/status_interfaces/share/status_interfaces/hook/cmake_prefix_path.ps1'
[0.503s] INFO:colcon.colcon_core.shell:Creating environment descriptor '/home/dfc/chapt3/topic_practice_ws/install/status_interfaces/share/status_interfaces/hook/cmake_prefix_path.dsv'
[0.503s] INFO:colcon.colcon_core.shell:Creating environment hook '/home/dfc/chapt3/topic_practice_ws/install/status_interfaces/share/status_interfaces/hook/cmake_prefix_path.sh'
[0.504s] Level 1:colcon.colcon_core.environment:checking '/home/dfc/chapt3/topic_practice_ws/install/status_interfaces/lib'
[0.504s] Level 1:colcon.colcon_core.shell:create_environment_hook('status_interfaces', 'ld_library_path_lib')
[0.504s] INFO:colcon.colcon_core.shell:Creating environment hook '/home/dfc/chapt3/topic_practice_ws/install/status_interfaces/share/status_interfaces/hook/ld_library_path_lib.ps1'
[0.505s] INFO:colcon.colcon_core.shell:Creating environment descriptor '/home/dfc/chapt3/topic_practice_ws/install/status_interfaces/share/status_interfaces/hook/ld_library_path_lib.dsv'
[0.505s] INFO:colcon.colcon_core.shell:Creating environment hook '/home/dfc/chapt3/topic_practice_ws/install/status_interfaces/share/status_interfaces/hook/ld_library_path_lib.sh'
[0.505s] Level 1:colcon.colcon_core.environment:checking '/home/dfc/chapt3/topic_practice_ws/install/status_interfaces/bin'
[0.505s] Level 1:colcon.colcon_core.environment:checking '/home/dfc/chapt3/topic_practice_ws/install/status_interfaces/lib/pkgconfig/status_interfaces.pc'
[0.505s] Level 1:colcon.colcon_core.environment:checking '/home/dfc/chapt3/topic_practice_ws/install/status_interfaces/lib/python3.10/site-packages'
[0.506s] Level 1:colcon.colcon_core.environment:checking '/home/dfc/chapt3/topic_practice_ws/install/status_interfaces/bin'
[0.506s] INFO:colcon.colcon_core.shell:Creating package script '/home/dfc/chapt3/topic_practice_ws/install/status_interfaces/share/status_interfaces/package.ps1'
[0.507s] INFO:colcon.colcon_core.shell:Creating package descriptor '/home/dfc/chapt3/topic_practice_ws/install/status_interfaces/share/status_interfaces/package.dsv'
[0.507s] INFO:colcon.colcon_core.shell:Creating package script '/home/dfc/chapt3/topic_practice_ws/install/status_interfaces/share/status_interfaces/package.sh'
[0.507s] INFO:colcon.colcon_core.shell:Creating package script '/home/dfc/chapt3/topic_practice_ws/install/status_interfaces/share/status_interfaces/package.bash'
[0.508s] INFO:colcon.colcon_core.shell:Creating package script '/home/dfc/chapt3/topic_practice_ws/install/status_interfaces/share/status_interfaces/package.zsh'
[0.508s] Level 1:colcon.colcon_core.environment:create_file_with_runtime_dependencies(/home/dfc/chapt3/topic_practice_ws/install/status_interfaces/share/colcon-core/packages/status_interfaces)
[0.509s] Level 1:colcon.colcon_core.environment:create_environment_scripts_only(status_interfaces)
[0.510s] Level 1:colcon.colcon_core.environment:checking '/home/dfc/chapt3/topic_practice_ws/install/status_interfaces' for CMake module files
[0.510s] Level 1:colcon.colcon_core.environment:checking '/home/dfc/chapt3/topic_practice_ws/install/status_interfaces' for CMake config files
[0.510s] Level 1:colcon.colcon_core.shell:create_environment_hook('status_interfaces', 'cmake_prefix_path')
[0.510s] INFO:colcon.colcon_core.shell:Creating environment hook '/home/dfc/chapt3/topic_practice_ws/install/status_interfaces/share/status_interfaces/hook/cmake_prefix_path.ps1'
[0.511s] INFO:colcon.colcon_core.shell:Creating environment descriptor '/home/dfc/chapt3/topic_practice_ws/install/status_interfaces/share/status_interfaces/hook/cmake_prefix_path.dsv'
[0.511s] INFO:colcon.colcon_core.shell:Creating environment hook '/home/dfc/chapt3/topic_practice_ws/install/status_interfaces/share/status_interfaces/hook/cmake_prefix_path.sh'
[0.512s] Level 1:colcon.colcon_core.environment:checking '/home/dfc/chapt3/topic_practice_ws/install/status_interfaces/lib'
[0.512s] Level 1:colcon.colcon_core.shell:create_environment_hook('status_interfaces', 'ld_library_path_lib')
[0.512s] INFO:colcon.colcon_core.shell:Creating environment hook '/home/dfc/chapt3/topic_practice_ws/install/status_interfaces/share/status_interfaces/hook/ld_library_path_lib.ps1'
[0.512s] INFO:colcon.colcon_core.shell:Creating environment descriptor '/home/dfc/chapt3/topic_practice_ws/install/status_interfaces/share/status_interfaces/hook/ld_library_path_lib.dsv'
[0.513s] INFO:colcon.colcon_core.shell:Creating environment hook '/home/dfc/chapt3/topic_practice_ws/install/status_interfaces/share/status_interfaces/hook/ld_library_path_lib.sh'
[0.513s] Level 1:colcon.colcon_core.environment:checking '/home/dfc/chapt3/topic_practice_ws/install/status_interfaces/bin'
[0.513s] Level 1:colcon.colcon_core.environment:checking '/home/dfc/chapt3/topic_practice_ws/install/status_interfaces/lib/pkgconfig/status_interfaces.pc'
[0.513s] Level 1:colcon.colcon_core.environment:checking '/home/dfc/chapt3/topic_practice_ws/install/status_interfaces/lib/python3.10/site-packages'
[0.513s] Level 1:colcon.colcon_core.environment:checking '/home/dfc/chapt3/topic_practice_ws/install/status_interfaces/bin'
[0.514s] INFO:colcon.colcon_core.shell:Creating package script '/home/dfc/chapt3/topic_practice_ws/install/status_interfaces/share/status_interfaces/package.ps1'
[0.514s] INFO:colcon.colcon_core.shell:Creating package descriptor '/home/dfc/chapt3/topic_practice_ws/install/status_interfaces/share/status_interfaces/package.dsv'
[0.515s] INFO:colcon.colcon_core.shell:Creating package script '/home/dfc/chapt3/topic_practice_ws/install/status_interfaces/share/status_interfaces/package.sh'
[0.515s] INFO:colcon.colcon_core.shell:Creating package script '/home/dfc/chapt3/topic_practice_ws/install/status_interfaces/share/status_interfaces/package.bash'
[0.515s] INFO:colcon.colcon_core.shell:Creating package script '/home/dfc/chapt3/topic_practice_ws/install/status_interfaces/share/status_interfaces/package.zsh'
[0.516s] Level 1:colcon.colcon_core.environment:create_file_with_runtime_dependencies(/home/dfc/chapt3/topic_practice_ws/install/status_interfaces/share/colcon-core/packages/status_interfaces)
[0.516s] INFO:colcon.colcon_ros.task.ament_cmake.build:Building ROS package in '/home/dfc/chapt3/topic_practice_ws/src/status_display' with build type 'ament_cmake'
[0.516s] INFO:colcon.colcon_cmake.task.cmake.build:Building CMake package in '/home/dfc/chapt3/topic_practice_ws/src/status_display'
[0.516s] INFO:colcon.colcon_core.shell:Skip shell extension 'powershell' for command environment: Not usable outside of PowerShell
[0.517s] DEBUG:colcon.colcon_core.shell:Skip shell extension 'dsv' for command environment
[0.519s] INFO:colcon.colcon_ros.task.ament_python.build:Building ROS package in '/home/dfc/chapt3/topic_practice_ws/src/status_publisher' with build type 'ament_python'
[0.520s] Level 1:colcon.colcon_core.shell:create_environment_hook('status_publisher', 'ament_prefix_path')
[0.520s] INFO:colcon.colcon_core.shell:Creating environment hook '/home/dfc/chapt3/topic_practice_ws/install/status_publisher/share/status_publisher/hook/ament_prefix_path.ps1'
[0.520s] INFO:colcon.colcon_core.shell:Creating environment descriptor '/home/dfc/chapt3/topic_practice_ws/install/status_publisher/share/status_publisher/hook/ament_prefix_path.dsv'
[0.521s] INFO:colcon.colcon_core.shell:Creating environment hook '/home/dfc/chapt3/topic_practice_ws/install/status_publisher/share/status_publisher/hook/ament_prefix_path.sh'
[0.521s] INFO:colcon.colcon_core.shell:Skip shell extension 'powershell' for command environment: Not usable outside of PowerShell
[0.521s] DEBUG:colcon.colcon_core.shell:Skip shell extension 'dsv' for command environment
[0.528s] DEBUG:colcon.colcon_core.event_handler.log_command:Invoking command in '/home/dfc/chapt3/topic_practice_ws/build/status_display': AMENT_PREFIX_PATH=/home/dfc/chapt3/topic_practice_ws/install/status_interfaces:${AMENT_PREFIX_PATH} CMAKE_PREFIX_PATH=/home/dfc/chapt3/topic_practice_ws/install/status_interfaces:/home/dfc/ros2_ws/install/wpr_simulation2:/home/dfc/ros2_ws/install/lidar_pkg:/opt/ros/humble LD_LIBRARY_PATH=/home/dfc/chapt3/topic_practice_ws/install/status_interfaces/lib:${LD_LIBRARY_PATH} PYTHONPATH=/home/dfc/chapt3/topic_practice_ws/install/status_interfaces/local/lib/python3.10/dist-packages:${PYTHONPATH} /usr/bin/cmake --build /home/dfc/chapt3/topic_practice_ws/build/status_display -- -j8 -l8
[0.696s] INFO:colcon.colcon_core.task.python.build:Building Python package in '/home/dfc/chapt3/topic_practice_ws/src/status_publisher'
[0.697s] INFO:colcon.colcon_core.shell:Skip shell extension 'powershell' for command environment: Not usable outside of PowerShell
[0.697s] DEBUG:colcon.colcon_core.shell:Skip shell extension 'dsv' for command environment
[0.933s] DEBUG:colcon.colcon_core.event_handler.log_command:Invoking command in '/home/dfc/chapt3/topic_practice_ws/src/status_publisher': AMENT_PREFIX_PATH=/home/dfc/chapt3/topic_practice_ws/install/status_interfaces:${AMENT_PREFIX_PATH} CMAKE_PREFIX_PATH=/home/dfc/chapt3/topic_practice_ws/install/status_interfaces:${CMAKE_PREFIX_PATH} LD_LIBRARY_PATH=/home/dfc/chapt3/topic_practice_ws/install/status_interfaces/lib:${LD_LIBRARY_PATH} PYTHONPATH=/home/dfc/chapt3/topic_practice_ws/build/status_publisher/prefix_override:/usr/lib/python3/dist-packages/colcon_core/task/python/colcon_distutils_commands:/home/dfc/chapt3/topic_practice_ws/install/status_publisher/lib/python3.10/site-packages:/home/dfc/chapt3/topic_practice_ws/install/status_interfaces/local/lib/python3.10/dist-packages:${PYTHONPATH} /usr/bin/python3 -W ignore:setup.py install is deprecated -W ignore:easy_install command is deprecated setup.py egg_info --egg-base ../../build/status_publisher build --build-base /home/dfc/chapt3/topic_practice_ws/build/status_publisher/build install --record /home/dfc/chapt3/topic_practice_ws/build/status_publisher/install.log --single-version-externally-managed install_data
[1.125s] Level 1:colcon.colcon_core.environment:checking '/home/dfc/chapt3/topic_practice_ws/install/status_publisher' for CMake module files
[1.126s] DEBUG:colcon.colcon_core.event_handler.log_command:Invoked command in '/home/dfc/chapt3/topic_practice_ws/src/status_publisher' returned '0': AMENT_PREFIX_PATH=/home/dfc/chapt3/topic_practice_ws/install/status_interfaces:${AMENT_PREFIX_PATH} CMAKE_PREFIX_PATH=/home/dfc/chapt3/topic_practice_ws/install/status_interfaces:${CMAKE_PREFIX_PATH} LD_LIBRARY_PATH=/home/dfc/chapt3/topic_practice_ws/install/status_interfaces/lib:${LD_LIBRARY_PATH} PYTHONPATH=/home/dfc/chapt3/topic_practice_ws/build/status_publisher/prefix_override:/usr/lib/python3/dist-packages/colcon_core/task/python/colcon_distutils_commands:/home/dfc/chapt3/topic_practice_ws/install/status_publisher/lib/python3.10/site-packages:/home/dfc/chapt3/topic_practice_ws/install/status_interfaces/local/lib/python3.10/dist-packages:${PYTHONPATH} /usr/bin/python3 -W ignore:setup.py install is deprecated -W ignore:easy_install command is deprecated setup.py egg_info --egg-base ../../build/status_publisher build --build-base /home/dfc/chapt3/topic_practice_ws/build/status_publisher/build install --record /home/dfc/chapt3/topic_practice_ws/build/status_publisher/install.log --single-version-externally-managed install_data
[1.126s] Level 1:colcon.colcon_core.environment:checking '/home/dfc/chapt3/topic_practice_ws/install/status_publisher' for CMake config files
[1.126s] Level 1:colcon.colcon_core.environment:checking '/home/dfc/chapt3/topic_practice_ws/install/status_publisher/lib'
[1.126s] Level 1:colcon.colcon_core.environment:checking '/home/dfc/chapt3/topic_practice_ws/install/status_publisher/bin'
[1.126s] Level 1:colcon.colcon_core.environment:checking '/home/dfc/chapt3/topic_practice_ws/install/status_publisher/lib/pkgconfig/status_publisher.pc'
[1.127s] Level 1:colcon.colcon_core.environment:checking '/home/dfc/chapt3/topic_practice_ws/install/status_publisher/lib/python3.10/site-packages'
[1.127s] Level 1:colcon.colcon_core.shell:create_environment_hook('status_publisher', 'pythonpath')
[1.127s] INFO:colcon.colcon_core.shell:Creating environment hook '/home/dfc/chapt3/topic_practice_ws/install/status_publisher/share/status_publisher/hook/pythonpath.ps1'
[1.127s] INFO:colcon.colcon_core.shell:Creating environment descriptor '/home/dfc/chapt3/topic_practice_ws/install/status_publisher/share/status_publisher/hook/pythonpath.dsv'
[1.128s] INFO:colcon.colcon_core.shell:Creating environment hook '/home/dfc/chapt3/topic_practice_ws/install/status_publisher/share/status_publisher/hook/pythonpath.sh'
[1.128s] Level 1:colcon.colcon_core.environment:checking '/home/dfc/chapt3/topic_practice_ws/install/status_publisher/bin'
[1.128s] Level 1:colcon.colcon_core.environment:create_environment_scripts_only(status_publisher)
[1.129s] INFO:colcon.colcon_core.shell:Creating package script '/home/dfc/chapt3/topic_practice_ws/install/status_publisher/share/status_publisher/package.ps1'
[1.129s] INFO:colcon.colcon_core.shell:Creating package descriptor '/home/dfc/chapt3/topic_practice_ws/install/status_publisher/share/status_publisher/package.dsv'
[1.129s] INFO:colcon.colcon_core.shell:Creating package script '/home/dfc/chapt3/topic_practice_ws/install/status_publisher/share/status_publisher/package.sh'
[1.130s] INFO:colcon.colcon_core.shell:Creating package script '/home/dfc/chapt3/topic_practice_ws/install/status_publisher/share/status_publisher/package.bash'
[1.130s] INFO:colcon.colcon_core.shell:Creating package script '/home/dfc/chapt3/topic_practice_ws/install/status_publisher/share/status_publisher/package.zsh'
[1.130s] Level 1:colcon.colcon_core.environment:create_file_with_runtime_dependencies(/home/dfc/chapt3/topic_practice_ws/install/status_publisher/share/colcon-core/packages/status_publisher)
[1.501s] DEBUG:colcon.colcon_core.event_handler.log_command:Invoked command in '/home/dfc/chapt3/topic_practice_ws/build/status_display' returned '0': AMENT_PREFIX_PATH=/home/dfc/chapt3/topic_practice_ws/install/status_interfaces:${AMENT_PREFIX_PATH} CMAKE_PREFIX_PATH=/home/dfc/chapt3/topic_practice_ws/install/status_interfaces:/home/dfc/ros2_ws/install/wpr_simulation2:/home/dfc/ros2_ws/install/lidar_pkg:/opt/ros/humble LD_LIBRARY_PATH=/home/dfc/chapt3/topic_practice_ws/install/status_interfaces/lib:${LD_LIBRARY_PATH} PYTHONPATH=/home/dfc/chapt3/topic_practice_ws/install/status_interfaces/local/lib/python3.10/dist-packages:${PYTHONPATH} /usr/bin/cmake --build /home/dfc/chapt3/topic_practice_ws/build/status_display -- -j8 -l8
[1.502s] DEBUG:colcon.colcon_core.event_handler.log_command:Invoking command in '/home/dfc/chapt3/topic_practice_ws/build/status_display': AMENT_PREFIX_PATH=/home/dfc/chapt3/topic_practice_ws/install/status_interfaces:${AMENT_PREFIX_PATH} CMAKE_PREFIX_PATH=/home/dfc/chapt3/topic_practice_ws/install/status_interfaces:/home/dfc/ros2_ws/install/wpr_simulation2:/home/dfc/ros2_ws/install/lidar_pkg:/opt/ros/humble LD_LIBRARY_PATH=/home/dfc/chapt3/topic_practice_ws/install/status_interfaces/lib:${LD_LIBRARY_PATH} PYTHONPATH=/home/dfc/chapt3/topic_practice_ws/install/status_interfaces/local/lib/python3.10/dist-packages:${PYTHONPATH} /usr/bin/cmake --install /home/dfc/chapt3/topic_practice_ws/build/status_display
[1.509s] Level 1:colcon.colcon_core.environment:create_environment_scripts_only(status_display)
[1.509s] Level 1:colcon.colcon_core.environment:checking '/home/dfc/chapt3/topic_practice_ws/install/status_display' for CMake module files
[1.510s] Level 1:colcon.colcon_core.environment:checking '/home/dfc/chapt3/topic_practice_ws/install/status_display' for CMake config files
[1.510s] DEBUG:colcon.colcon_core.event_handler.log_command:Invoked command in '/home/dfc/chapt3/topic_practice_ws/build/status_display' returned '0': AMENT_PREFIX_PATH=/home/dfc/chapt3/topic_practice_ws/install/status_interfaces:${AMENT_PREFIX_PATH} CMAKE_PREFIX_PATH=/home/dfc/chapt3/topic_practice_ws/install/status_interfaces:/home/dfc/ros2_ws/install/wpr_simulation2:/home/dfc/ros2_ws/install/lidar_pkg:/opt/ros/humble LD_LIBRARY_PATH=/home/dfc/chapt3/topic_practice_ws/install/status_interfaces/lib:${LD_LIBRARY_PATH} PYTHONPATH=/home/dfc/chapt3/topic_practice_ws/install/status_interfaces/local/lib/python3.10/dist-packages:${PYTHONPATH} /usr/bin/cmake --install /home/dfc/chapt3/topic_practice_ws/build/status_display
[1.510s] Level 1:colcon.colcon_core.shell:create_environment_hook('status_display', 'cmake_prefix_path')
[1.510s] INFO:colcon.colcon_core.shell:Creating environment hook '/home/dfc/chapt3/topic_practice_ws/install/status_display/share/status_display/hook/cmake_prefix_path.ps1'
[1.511s] INFO:colcon.colcon_core.shell:Creating environment descriptor '/home/dfc/chapt3/topic_practice_ws/install/status_display/share/status_display/hook/cmake_prefix_path.dsv'
[1.511s] INFO:colcon.colcon_core.shell:Creating environment hook '/home/dfc/chapt3/topic_practice_ws/install/status_display/share/status_display/hook/cmake_prefix_path.sh'
[1.511s] Level 1:colcon.colcon_core.environment:checking '/home/dfc/chapt3/topic_practice_ws/install/status_display/lib'
[1.511s] Level 1:colcon.colcon_core.environment:checking '/home/dfc/chapt3/topic_practice_ws/install/status_display/bin'
[1.511s] Level 1:colcon.colcon_core.environment:checking '/home/dfc/chapt3/topic_practice_ws/install/status_display/lib/pkgconfig/status_display.pc'
[1.512s] Level 1:colcon.colcon_core.environment:checking '/home/dfc/chapt3/topic_practice_ws/install/status_display/lib/python3.10/site-packages'
[1.512s] Level 1:colcon.colcon_core.environment:checking '/home/dfc/chapt3/topic_practice_ws/install/status_display/bin'
[1.512s] INFO:colcon.colcon_core.shell:Creating package script '/home/dfc/chapt3/topic_practice_ws/install/status_display/share/status_display/package.ps1'
[1.513s] INFO:colcon.colcon_core.shell:Creating package descriptor '/home/dfc/chapt3/topic_practice_ws/install/status_display/share/status_display/package.dsv'
[1.513s] INFO:colcon.colcon_core.shell:Creating package script '/home/dfc/chapt3/topic_practice_ws/install/status_display/share/status_display/package.sh'
[1.513s] INFO:colcon.colcon_core.shell:Creating package script '/home/dfc/chapt3/topic_practice_ws/install/status_display/share/status_display/package.bash'
[1.514s] INFO:colcon.colcon_core.shell:Creating package script '/home/dfc/chapt3/topic_practice_ws/install/status_display/share/status_display/package.zsh'
[1.514s] Level 1:colcon.colcon_core.environment:create_file_with_runtime_dependencies(/home/dfc/chapt3/topic_practice_ws/install/status_display/share/colcon-core/packages/status_display)
[1.515s] Level 1:colcon.colcon_core.environment:create_environment_scripts_only(status_display)
[1.515s] Level 1:colcon.colcon_core.environment:checking '/home/dfc/chapt3/topic_practice_ws/install/status_display' for CMake module files
[1.515s] Level 1:colcon.colcon_core.environment:checking '/home/dfc/chapt3/topic_practice_ws/install/status_display' for CMake config files
[1.515s] Level 1:colcon.colcon_core.shell:create_environment_hook('status_display', 'cmake_prefix_path')
[1.516s] INFO:colcon.colcon_core.shell:Creating environment hook '/home/dfc/chapt3/topic_practice_ws/install/status_display/share/status_display/hook/cmake_prefix_path.ps1'
[1.516s] INFO:colcon.colcon_core.shell:Creating environment descriptor '/home/dfc/chapt3/topic_practice_ws/install/status_display/share/status_display/hook/cmake_prefix_path.dsv'
[1.516s] INFO:colcon.colcon_core.shell:Creating environment hook '/home/dfc/chapt3/topic_practice_ws/install/status_display/share/status_display/hook/cmake_prefix_path.sh'
[1.517s] Level 1:colcon.colcon_core.environment:checking '/home/dfc/chapt3/topic_practice_ws/install/status_display/lib'
[1.517s] Level 1:colcon.colcon_core.environment:checking '/home/dfc/chapt3/topic_practice_ws/install/status_display/bin'
[1.517s] Level 1:colcon.colcon_core.environment:checking '/home/dfc/chapt3/topic_practice_ws/install/status_display/lib/pkgconfig/status_display.pc'
[1.517s] Level 1:colcon.colcon_core.environment:checking '/home/dfc/chapt3/topic_practice_ws/install/status_display/lib/python3.10/site-packages'
[1.517s] Level 1:colcon.colcon_core.environment:checking '/home/dfc/chapt3/topic_practice_ws/install/status_display/bin'
[1.517s] INFO:colcon.colcon_core.shell:Creating package script '/home/dfc/chapt3/topic_practice_ws/install/status_display/share/status_display/package.ps1'
[1.518s] INFO:colcon.colcon_core.shell:Creating package descriptor '/home/dfc/chapt3/topic_practice_ws/install/status_display/share/status_display/package.dsv'
[1.518s] INFO:colcon.colcon_core.shell:Creating package script '/home/dfc/chapt3/topic_practice_ws/install/status_display/share/status_display/package.sh'
[1.519s] INFO:colcon.colcon_core.shell:Creating package script '/home/dfc/chapt3/topic_practice_ws/install/status_display/share/status_display/package.bash'
[1.519s] INFO:colcon.colcon_core.shell:Creating package script '/home/dfc/chapt3/topic_practice_ws/install/status_display/share/status_display/package.zsh'
[1.519s] Level 1:colcon.colcon_core.environment:create_file_with_runtime_dependencies(/home/dfc/chapt3/topic_practice_ws/install/status_display/share/colcon-core/packages/status_display)
[1.519s] DEBUG:colcon.colcon_parallel_executor.executor.parallel:closing loop
[1.520s] DEBUG:colcon.colcon_parallel_executor.executor.parallel:loop closed
[1.520s] DEBUG:colcon.colcon_parallel_executor.executor.parallel:run_until_complete finished with '0'
[1.520s] DEBUG:colcon.colcon_core.event_reactor:joining thread
[1.523s] INFO:colcon.colcon_core.plugin_system:Skipping extension 'colcon_notification.desktop_notification.terminal_notifier': Not used on non-Darwin systems
[1.523s] INFO:colcon.colcon_core.plugin_system:Skipping extension 'colcon_notification.desktop_notification.win32': Not used on non-Windows systems
[1.523s] INFO:colcon.colcon_notification.desktop_notification:Sending desktop notification using 'notify2'
[1.534s] DEBUG:colcon.colcon_core.event_reactor:joined thread
[1.534s] INFO:colcon.colcon_core.shell:Creating prefix script '/home/dfc/chapt3/topic_practice_ws/install/local_setup.ps1'
[1.535s] INFO:colcon.colcon_core.shell:Creating prefix util module '/home/dfc/chapt3/topic_practice_ws/install/_local_setup_util_ps1.py'
[1.536s] INFO:colcon.colcon_core.shell:Creating prefix chain script '/home/dfc/chapt3/topic_practice_ws/install/setup.ps1'
[1.536s] INFO:colcon.colcon_core.shell:Creating prefix script '/home/dfc/chapt3/topic_practice_ws/install/local_setup.sh'
[1.537s] INFO:colcon.colcon_core.shell:Creating prefix util module '/home/dfc/chapt3/topic_practice_ws/install/_local_setup_util_sh.py'
[1.537s] INFO:colcon.colcon_core.shell:Creating prefix chain script '/home/dfc/chapt3/topic_practice_ws/install/setup.sh'
[1.538s] INFO:colcon.colcon_core.shell:Creating prefix script '/home/dfc/chapt3/topic_practice_ws/install/local_setup.bash'
[1.538s] INFO:colcon.colcon_core.shell:Creating prefix chain script '/home/dfc/chapt3/topic_practice_ws/install/setup.bash'
[1.539s] INFO:colcon.colcon_core.shell:Creating prefix script '/home/dfc/chapt3/topic_practice_ws/install/local_setup.zsh'
[1.539s] INFO:colcon.colcon_core.shell:Creating prefix chain script '/home/dfc/chapt3/topic_practice_ws/install/setup.zsh'
