[0.514s] Invoking command in '/home/dfc/chapt3/topic_practice_ws/src/status_publisher': AMENT_PREFIX_PATH=/home/dfc/chapt3/topic_practice_ws/install/status_interfaces:${AMENT_PREFIX_PATH} CMAKE_PREFIX_PATH=/home/dfc/chapt3/topic_practice_ws/install/status_interfaces:${CMAKE_PREFIX_PATH} LD_LIBRARY_PATH=/home/dfc/chapt3/topic_practice_ws/install/status_interfaces/lib:${LD_LIBRARY_PATH} PYTHONPATH=/home/dfc/chapt3/topic_practice_ws/build/status_publisher/prefix_override:/usr/lib/python3/dist-packages/colcon_core/task/python/colcon_distutils_commands:/home/dfc/chapt3/topic_practice_ws/install/status_publisher/lib/python3.10/site-packages:/home/dfc/chapt3/topic_practice_ws/install/status_interfaces/local/lib/python3.10/dist-packages:${PYTHONPATH} /usr/bin/python3 -W ignore:setup.py install is deprecated -W ignore:easy_install command is deprecated setup.py egg_info --egg-base ../../build/status_publisher build --build-base /home/dfc/chapt3/topic_practice_ws/build/status_publisher/build install --record /home/dfc/chapt3/topic_practice_ws/build/status_publisher/install.log --single-version-externally-managed install_data
[0.685s] running egg_info
[0.686s] creating ../../build/status_publisher/status_publisher.egg-info
[0.686s] writing ../../build/status_publisher/status_publisher.egg-info/PKG-INFO
[0.686s] writing dependency_links to ../../build/status_publisher/status_publisher.egg-info/dependency_links.txt
[0.686s] writing entry points to ../../build/status_publisher/status_publisher.egg-info/entry_points.txt
[0.686s] writing requirements to ../../build/status_publisher/status_publisher.egg-info/requires.txt
[0.686s] writing top-level names to ../../build/status_publisher/status_publisher.egg-info/top_level.txt
[0.687s] writing manifest file '../../build/status_publisher/status_publisher.egg-info/SOURCES.txt'
[0.688s] reading manifest file '../../build/status_publisher/status_publisher.egg-info/SOURCES.txt'
[0.688s] adding license file 'LICENSE'
[0.688s] writing manifest file '../../build/status_publisher/status_publisher.egg-info/SOURCES.txt'
[0.688s] running build
[0.688s] running build_py
[0.688s] creating /home/dfc/chapt3/topic_practice_ws/build/status_publisher/build
[0.688s] creating /home/dfc/chapt3/topic_practice_ws/build/status_publisher/build/lib
[0.689s] creating /home/dfc/chapt3/topic_practice_ws/build/status_publisher/build/lib/status_publisher
[0.689s] copying status_publisher/__init__.py -> /home/dfc/chapt3/topic_practice_ws/build/status_publisher/build/lib/status_publisher
[0.689s] copying status_publisher/sys_status_pub.py -> /home/dfc/chapt3/topic_practice_ws/build/status_publisher/build/lib/status_publisher
[0.689s] running install
[0.689s] running install_lib
[0.690s] creating /home/dfc/chapt3/topic_practice_ws/install/status_publisher/lib/python3.10/site-packages/status_publisher
[0.690s] copying /home/dfc/chapt3/topic_practice_ws/build/status_publisher/build/lib/status_publisher/__init__.py -> /home/dfc/chapt3/topic_practice_ws/install/status_publisher/lib/python3.10/site-packages/status_publisher
[0.690s] copying /home/dfc/chapt3/topic_practice_ws/build/status_publisher/build/lib/status_publisher/sys_status_pub.py -> /home/dfc/chapt3/topic_practice_ws/install/status_publisher/lib/python3.10/site-packages/status_publisher
[0.690s] byte-compiling /home/dfc/chapt3/topic_practice_ws/install/status_publisher/lib/python3.10/site-packages/status_publisher/__init__.py to __init__.cpython-310.pyc
[0.690s] byte-compiling /home/dfc/chapt3/topic_practice_ws/install/status_publisher/lib/python3.10/site-packages/status_publisher/sys_status_pub.py to sys_status_pub.cpython-310.pyc
[0.691s] running install_data
[0.691s] creating /home/dfc/chapt3/topic_practice_ws/install/status_publisher/share/ament_index
[0.691s] creating /home/dfc/chapt3/topic_practice_ws/install/status_publisher/share/ament_index/resource_index
[0.691s] creating /home/dfc/chapt3/topic_practice_ws/install/status_publisher/share/ament_index/resource_index/packages
[0.691s] copying resource/status_publisher -> /home/dfc/chapt3/topic_practice_ws/install/status_publisher/share/ament_index/resource_index/packages
[0.691s] copying package.xml -> /home/dfc/chapt3/topic_practice_ws/install/status_publisher/share/status_publisher
[0.691s] running install_egg_info
[0.695s] Copying ../../build/status_publisher/status_publisher.egg-info to /home/dfc/chapt3/topic_practice_ws/install/status_publisher/lib/python3.10/site-packages/status_publisher-0.0.0-py3.10.egg-info
[0.697s] running install_scripts
[0.724s] Installing sys_status_pub script to /home/dfc/chapt3/topic_practice_ws/install/status_publisher/lib/status_publisher
[0.724s] writing list of installed files to '/home/dfc/chapt3/topic_practice_ws/build/status_publisher/install.log'
[0.738s] Invoked command in '/home/dfc/chapt3/topic_practice_ws/src/status_publisher' returned '0': AMENT_PREFIX_PATH=/home/dfc/chapt3/topic_practice_ws/install/status_interfaces:${AMENT_PREFIX_PATH} CMAKE_PREFIX_PATH=/home/dfc/chapt3/topic_practice_ws/install/status_interfaces:${CMAKE_PREFIX_PATH} LD_LIBRARY_PATH=/home/dfc/chapt3/topic_practice_ws/install/status_interfaces/lib:${LD_LIBRARY_PATH} PYTHONPATH=/home/dfc/chapt3/topic_practice_ws/build/status_publisher/prefix_override:/usr/lib/python3/dist-packages/colcon_core/task/python/colcon_distutils_commands:/home/dfc/chapt3/topic_practice_ws/install/status_publisher/lib/python3.10/site-packages:/home/dfc/chapt3/topic_practice_ws/install/status_interfaces/local/lib/python3.10/dist-packages:${PYTHONPATH} /usr/bin/python3 -W ignore:setup.py install is deprecated -W ignore:easy_install command is deprecated setup.py egg_info --egg-base ../../build/status_publisher build --build-base /home/dfc/chapt3/topic_practice_ws/build/status_publisher/build install --record /home/dfc/chapt3/topic_practice_ws/build/status_publisher/install.log --single-version-externally-managed install_data
