-- Found ament_cmake: 1.3.14 (/opt/ros/humble/share/ament_cmake/cmake)
-- Found rclcpp: 16.0.19 (/opt/ros/humble/share/rclcpp/cmake)
-- Found rosidl_generator_c: 3.1.8 (/opt/ros/humble/share/rosidl_generator_c/cmake)
-- Found rosidl_adapter: 3.1.8 (/opt/ros/humble/share/rosidl_adapter/cmake)
-- Found rosidl_generator_cpp: 3.1.8 (/opt/ros/humble/share/rosidl_generator_cpp/cmake)
-- Using all available rosidl_typesupport_c: rosidl_typesupport_fastrtps_c;rosidl_typesupport_introspection_c
-- Using all available rosidl_typesupport_cpp: rosidl_typesupport_fastrtps_cpp;rosidl_typesupport_introspection_cpp
-- Found rmw_implementation_cmake: 6.1.2 (/opt/ros/humble/share/rmw_implementation_cmake/cmake)
-- Found rmw_fastrtps_cpp: 6.2.10 (/opt/ros/humble/share/rmw_fastrtps_cpp/cmake)
-- Using RMW implementation 'rmw_fastrtps_cpp' as default
-- Found status_interfaces: 0.0.0 (/home/dfc/chapt3/topic_practice_ws/install/status_interfaces/share/status_interfaces/cmake)
[31mCMake Error at CMakeLists.txt:12 (find_package):
  By not providing "FindQT5.cmake" in CMAKE_MODULE_PATH this project has
  asked CMake to find a package configuration file provided by "QT5", but
  CMake did not find one.

  Could not find a package configuration file provided by "QT5" with any of
  the following names:

    QT5Config.cmake
    qt5-config.cmake

  Add the installation prefix of "QT5" to CMAKE_PREFIX_PATH or set "QT5_DIR"
  to a directory containing one of the above files.  If "QT5" provides a
  separate development package or SDK, be sure it has been installed.

[0m
-- Configuring incomplete, errors occurred!
See also "/home/dfc/chapt3/topic_practice_ws/build/status_display/CMakeFiles/CMakeOutput.log".
