[0.482s] Invoking command in '/home/dfc/chapt4/chapt4_ws/src/demo_python_service': AMENT_PREFIX_PATH=/home/dfc/chapt4/chapt4_ws/install/chapt4_interfaces:${AMENT_PREFIX_PATH} CMAKE_PREFIX_PATH=/home/dfc/chapt4/chapt4_ws/install/chapt4_interfaces:${CMAKE_PREFIX_PATH} LD_LIBRARY_PATH=/home/dfc/chapt4/chapt4_ws/install/chapt4_interfaces/lib:${LD_LIBRARY_PATH} PYTHONPATH=/home/dfc/chapt4/chapt4_ws/build/demo_python_service/prefix_override:/usr/lib/python3/dist-packages/colcon_core/task/python/colcon_distutils_commands:/home/dfc/chapt4/chapt4_ws/install/demo_python_service/lib/python3.10/site-packages:/home/dfc/chapt4/chapt4_ws/install/chapt4_interfaces/local/lib/python3.10/dist-packages:${PYTHONPATH} /usr/bin/python3 -W ignore:setup.py install is deprecated -W ignore:easy_install command is deprecated setup.py egg_info --egg-base ../../build/demo_python_service build --build-base /home/dfc/chapt4/chapt4_ws/build/demo_python_service/build install --record /home/dfc/chapt4/chapt4_ws/build/demo_python_service/install.log --single-version-externally-managed install_data
[0.613s] running egg_info
[0.613s] creating ../../build/demo_python_service/demo_python_service.egg-info
[0.614s] writing ../../build/demo_python_service/demo_python_service.egg-info/PKG-INFO
[0.614s] writing dependency_links to ../../build/demo_python_service/demo_python_service.egg-info/dependency_links.txt
[0.614s] writing entry points to ../../build/demo_python_service/demo_python_service.egg-info/entry_points.txt
[0.614s] writing requirements to ../../build/demo_python_service/demo_python_service.egg-info/requires.txt
[0.614s] writing top-level names to ../../build/demo_python_service/demo_python_service.egg-info/top_level.txt
[0.614s] writing manifest file '../../build/demo_python_service/demo_python_service.egg-info/SOURCES.txt'
[0.615s] reading manifest file '../../build/demo_python_service/demo_python_service.egg-info/SOURCES.txt'
[0.615s] adding license file 'LICENSE'
[0.616s] writing manifest file '../../build/demo_python_service/demo_python_service.egg-info/SOURCES.txt'
[0.616s] running build
[0.616s] running build_py
[0.616s] creating /home/dfc/chapt4/chapt4_ws/build/demo_python_service/build
[0.616s] creating /home/dfc/chapt4/chapt4_ws/build/demo_python_service/build/lib
[0.616s] creating /home/dfc/chapt4/chapt4_ws/build/demo_python_service/build/lib/demo_python_service
[0.616s] copying demo_python_service/__init__.py -> /home/dfc/chapt4/chapt4_ws/build/demo_python_service/build/lib/demo_python_service
[0.616s] running install
[0.616s] running install_lib
[0.617s] creating /home/dfc/chapt4/chapt4_ws/install/demo_python_service/lib/python3.10/site-packages/demo_python_service
[0.617s] copying /home/dfc/chapt4/chapt4_ws/build/demo_python_service/build/lib/demo_python_service/__init__.py -> /home/dfc/chapt4/chapt4_ws/install/demo_python_service/lib/python3.10/site-packages/demo_python_service
[0.617s] byte-compiling /home/dfc/chapt4/chapt4_ws/install/demo_python_service/lib/python3.10/site-packages/demo_python_service/__init__.py to __init__.cpython-310.pyc
[0.617s] running install_data
[0.617s] creating /home/dfc/chapt4/chapt4_ws/install/demo_python_service/share/ament_index
[0.617s] creating /home/dfc/chapt4/chapt4_ws/install/demo_python_service/share/ament_index/resource_index
[0.617s] creating /home/dfc/chapt4/chapt4_ws/install/demo_python_service/share/ament_index/resource_index/packages
[0.617s] copying resource/demo_python_service -> /home/dfc/chapt4/chapt4_ws/install/demo_python_service/share/ament_index/resource_index/packages
[0.617s] copying package.xml -> /home/dfc/chapt4/chapt4_ws/install/demo_python_service/share/demo_python_service
[0.617s] creating /home/dfc/chapt4/chapt4_ws/install/demo_python_service/share/demo_python_service/resource
[0.617s] copying resource/default.jpg -> /home/dfc/chapt4/chapt4_ws/install/demo_python_service/share/demo_python_service/resource
[0.618s] running install_egg_info
[0.619s] Copying ../../build/demo_python_service/demo_python_service.egg-info to /home/dfc/chapt4/chapt4_ws/install/demo_python_service/lib/python3.10/site-packages/demo_python_service-0.0.0-py3.10.egg-info
[0.619s] running install_scripts
[0.631s] writing list of installed files to '/home/dfc/chapt4/chapt4_ws/build/demo_python_service/install.log'
[0.647s] Invoked command in '/home/dfc/chapt4/chapt4_ws/src/demo_python_service' returned '0': AMENT_PREFIX_PATH=/home/dfc/chapt4/chapt4_ws/install/chapt4_interfaces:${AMENT_PREFIX_PATH} CMAKE_PREFIX_PATH=/home/dfc/chapt4/chapt4_ws/install/chapt4_interfaces:${CMAKE_PREFIX_PATH} LD_LIBRARY_PATH=/home/dfc/chapt4/chapt4_ws/install/chapt4_interfaces/lib:${LD_LIBRARY_PATH} PYTHONPATH=/home/dfc/chapt4/chapt4_ws/build/demo_python_service/prefix_override:/usr/lib/python3/dist-packages/colcon_core/task/python/colcon_distutils_commands:/home/dfc/chapt4/chapt4_ws/install/demo_python_service/lib/python3.10/site-packages:/home/dfc/chapt4/chapt4_ws/install/chapt4_interfaces/local/lib/python3.10/dist-packages:${PYTHONPATH} /usr/bin/python3 -W ignore:setup.py install is deprecated -W ignore:easy_install command is deprecated setup.py egg_info --egg-base ../../build/demo_python_service build --build-base /home/dfc/chapt4/chapt4_ws/build/demo_python_service/build install --record /home/dfc/chapt4/chapt4_ws/build/demo_python_service/install.log --single-version-externally-managed install_data
