[0.361s] Invoking command in '/home/dfc/chapt4/chapt4_ws/src/demo_python_service': PYTHONPATH=/home/dfc/chapt4/chapt4_ws/build/demo_python_service/prefix_override:/usr/lib/python3/dist-packages/colcon_core/task/python/colcon_distutils_commands:/home/dfc/chapt4/chapt4_ws/install/demo_python_service/lib/python3.10/site-packages:${PYTHONPATH} /usr/bin/python3 -W ignore:setup.py install is deprecated -W ignore:easy_install command is deprecated setup.py egg_info --egg-base ../../build/demo_python_service build --build-base /home/dfc/chapt4/chapt4_ws/build/demo_python_service/build install --record /home/dfc/chapt4/chapt4_ws/build/demo_python_service/install.log --single-version-externally-managed install_data
[0.493s] running egg_info
[0.494s] writing ../../build/demo_python_service/demo_python_service.egg-info/PKG-INFO
[0.494s] writing dependency_links to ../../build/demo_python_service/demo_python_service.egg-info/dependency_links.txt
[0.494s] writing entry points to ../../build/demo_python_service/demo_python_service.egg-info/entry_points.txt
[0.494s] writing requirements to ../../build/demo_python_service/demo_python_service.egg-info/requires.txt
[0.494s] writing top-level names to ../../build/demo_python_service/demo_python_service.egg-info/top_level.txt
[0.495s] reading manifest file '../../build/demo_python_service/demo_python_service.egg-info/SOURCES.txt'
[0.495s] adding license file 'LICENSE'
[0.496s] writing manifest file '../../build/demo_python_service/demo_python_service.egg-info/SOURCES.txt'
[0.496s] running build
[0.496s] running build_py
[0.496s] copying demo_python_service/learn_face_detect.py -> /home/dfc/chapt4/chapt4_ws/build/demo_python_service/build/lib/demo_python_service
[0.496s] running install
[0.496s] running install_lib
[0.497s] copying /home/dfc/chapt4/chapt4_ws/build/demo_python_service/build/lib/demo_python_service/learn_face_detect.py -> /home/dfc/chapt4/chapt4_ws/install/demo_python_service/lib/python3.10/site-packages/demo_python_service
[0.497s] byte-compiling /home/dfc/chapt4/chapt4_ws/install/demo_python_service/lib/python3.10/site-packages/demo_python_service/learn_face_detect.py to learn_face_detect.cpython-310.pyc
[0.497s] running install_data
[0.497s] running install_egg_info
[0.498s] removing '/home/dfc/chapt4/chapt4_ws/install/demo_python_service/lib/python3.10/site-packages/demo_python_service-0.0.0-py3.10.egg-info' (and everything under it)
[0.499s] Copying ../../build/demo_python_service/demo_python_service.egg-info to /home/dfc/chapt4/chapt4_ws/install/demo_python_service/lib/python3.10/site-packages/demo_python_service-0.0.0-py3.10.egg-info
[0.499s] running install_scripts
[0.510s] Installing learn_face_detect script to /home/dfc/chapt4/chapt4_ws/install/demo_python_service/lib/demo_python_service
[0.511s] writing list of installed files to '/home/dfc/chapt4/chapt4_ws/build/demo_python_service/install.log'
[0.524s] Invoked command in '/home/dfc/chapt4/chapt4_ws/src/demo_python_service' returned '0': PYTHONPATH=/home/dfc/chapt4/chapt4_ws/build/demo_python_service/prefix_override:/usr/lib/python3/dist-packages/colcon_core/task/python/colcon_distutils_commands:/home/dfc/chapt4/chapt4_ws/install/demo_python_service/lib/python3.10/site-packages:${PYTHONPATH} /usr/bin/python3 -W ignore:setup.py install is deprecated -W ignore:easy_install command is deprecated setup.py egg_info --egg-base ../../build/demo_python_service build --build-base /home/dfc/chapt4/chapt4_ws/build/demo_python_service/build install --record /home/dfc/chapt4/chapt4_ws/build/demo_python_service/install.log --single-version-externally-managed install_data
