[0.015s] Invoking command in '/home/dfc/chapt3/topic_ws/build/demo_cpp_topic': CMAKE_PREFIX_PATH=${CMAKE_PREFIX_PATH}:/home/dfc/chapt3/topic_ws/install/demo_python_topic:/opt/ros/humble /usr/bin/cmake --build /home/dfc/chapt3/topic_ws/build/demo_cpp_topic -- -j8 -l8
[0.044s] [35m[1mConsolidate compiler generated dependencies of target turtle_control[0m
[0.053s] [ 25%] [32mBuilding CXX object CMakeFiles/turtle_control.dir/src/turtle_control.cpp.o[0m
[0.057s] [ 75%] Built target turtle_circle
[6.921s] [100%] [32m[1mLinking CXX executable turtle_control[0m
[7.172s] [100%] Built target turtle_control
[7.182s] Invoked command in '/home/dfc/chapt3/topic_ws/build/demo_cpp_topic' returned '0': CMAKE_PREFIX_PATH=${CMAKE_PREFIX_PATH}:/home/dfc/chapt3/topic_ws/install/demo_python_topic:/opt/ros/humble /usr/bin/cmake --build /home/dfc/chapt3/topic_ws/build/demo_cpp_topic -- -j8 -l8
[7.189s] Invoking command in '/home/dfc/chapt3/topic_ws/build/demo_cpp_topic': CMAKE_PREFIX_PATH=${CMAKE_PREFIX_PATH}:/home/dfc/chapt3/topic_ws/install/demo_python_topic:/opt/ros/humble /usr/bin/cmake --install /home/dfc/chapt3/topic_ws/build/demo_cpp_topic
[7.194s] -- Install configuration: ""
[7.194s] -- Up-to-date: /home/dfc/chapt3/topic_ws/install/demo_cpp_topic/lib/demo_cpp_topic/turtle_circle
[7.194s] -- Installing: /home/dfc/chapt3/topic_ws/install/demo_cpp_topic/lib/demo_cpp_topic/turtle_control
[7.196s] -- Set runtime path of "/home/dfc/chapt3/topic_ws/install/demo_cpp_topic/lib/demo_cpp_topic/turtle_control" to ""
[7.196s] -- Up-to-date: /home/dfc/chapt3/topic_ws/install/demo_cpp_topic/share/ament_index/resource_index/package_run_dependencies/demo_cpp_topic
[7.196s] -- Up-to-date: /home/dfc/chapt3/topic_ws/install/demo_cpp_topic/share/ament_index/resource_index/parent_prefix_path/demo_cpp_topic
[7.197s] -- Up-to-date: /home/dfc/chapt3/topic_ws/install/demo_cpp_topic/share/demo_cpp_topic/environment/ament_prefix_path.sh
[7.197s] -- Up-to-date: /home/dfc/chapt3/topic_ws/install/demo_cpp_topic/share/demo_cpp_topic/environment/ament_prefix_path.dsv
[7.197s] -- Up-to-date: /home/dfc/chapt3/topic_ws/install/demo_cpp_topic/share/demo_cpp_topic/environment/path.sh
[7.197s] -- Up-to-date: /home/dfc/chapt3/topic_ws/install/demo_cpp_topic/share/demo_cpp_topic/environment/path.dsv
[7.197s] -- Up-to-date: /home/dfc/chapt3/topic_ws/install/demo_cpp_topic/share/demo_cpp_topic/local_setup.bash
[7.197s] -- Up-to-date: /home/dfc/chapt3/topic_ws/install/demo_cpp_topic/share/demo_cpp_topic/local_setup.sh
[7.197s] -- Up-to-date: /home/dfc/chapt3/topic_ws/install/demo_cpp_topic/share/demo_cpp_topic/local_setup.zsh
[7.197s] -- Up-to-date: /home/dfc/chapt3/topic_ws/install/demo_cpp_topic/share/demo_cpp_topic/local_setup.dsv
[7.197s] -- Installing: /home/dfc/chapt3/topic_ws/install/demo_cpp_topic/share/demo_cpp_topic/package.dsv
[7.197s] -- Up-to-date: /home/dfc/chapt3/topic_ws/install/demo_cpp_topic/share/ament_index/resource_index/packages/demo_cpp_topic
[7.197s] -- Up-to-date: /home/dfc/chapt3/topic_ws/install/demo_cpp_topic/share/demo_cpp_topic/cmake/demo_cpp_topicConfig.cmake
[7.197s] -- Up-to-date: /home/dfc/chapt3/topic_ws/install/demo_cpp_topic/share/demo_cpp_topic/cmake/demo_cpp_topicConfig-version.cmake
[7.197s] -- Up-to-date: /home/dfc/chapt3/topic_ws/install/demo_cpp_topic/share/demo_cpp_topic/package.xml
[7.199s] Invoked command in '/home/dfc/chapt3/topic_ws/build/demo_cpp_topic' returned '0': CMAKE_PREFIX_PATH=${CMAKE_PREFIX_PATH}:/home/dfc/chapt3/topic_ws/install/demo_python_topic:/opt/ros/humble /usr/bin/cmake --install /home/dfc/chapt3/topic_ws/build/demo_cpp_topic
