[0.010s] Invoking command in '/home/dfc/chapt3/topic_ws/build/demo_cpp_topic': CMAKE_PREFIX_PATH=${CMAKE_PREFIX_PATH}:/opt/ros/humble /usr/bin/cmake --build /home/dfc/chapt3/topic_ws/build/demo_cpp_topic -- -j8 -l8
[0.031s] -- Found ament_cmake: 1.3.14 (/opt/ros/humble/share/ament_cmake/cmake)
[0.106s] -- Found rclcpp: 16.0.19 (/opt/ros/humble/share/rclcpp/cmake)
[0.124s] -- Found rosidl_generator_c: 3.1.8 (/opt/ros/humble/share/rosidl_generator_c/cmake)
[0.125s] -- Found rosidl_adapter: 3.1.8 (/opt/ros/humble/share/rosidl_adapter/cmake)
[0.128s] -- Found rosidl_generator_cpp: 3.1.8 (/opt/ros/humble/share/rosidl_generator_cpp/cmake)
[0.134s] -- Using all available rosidl_typesupport_c: rosidl_typesupport_fastrtps_c;rosidl_typesupport_introspection_c
[0.141s] -- Using all available rosidl_typesupport_cpp: rosidl_typesupport_fastrtps_cpp;rosidl_typesupport_introspection_cpp
[0.160s] -- Found rmw_implementation_cmake: 6.1.2 (/opt/ros/humble/share/rmw_implementation_cmake/cmake)
[0.161s] -- Found rmw_fastrtps_cpp: 6.2.10 (/opt/ros/humble/share/rmw_fastrtps_cpp/cmake)
[0.223s] -- Using RMW implementation 'rmw_fastrtps_cpp' as default
[0.252s] -- Found geometry_msgs: 4.9.1 (/opt/ros/humble/share/geometry_msgs/cmake)
[0.259s] -- Found turtlesim: 1.4.3 (/opt/ros/humble/share/turtlesim/cmake)
[0.281s] -- Found ament_lint_auto: 0.12.15 (/opt/ros/humble/share/ament_lint_auto/cmake)
[0.324s] -- Added test 'cppcheck' to perform static code analysis on C / C++ code
[0.324s] -- Configured cppcheck include dirs: 
[0.324s] -- Configured cppcheck exclude dirs and/or files: 
[0.325s] -- Added test 'lint_cmake' to check CMake code style
[0.325s] -- Added test 'uncrustify' to check C / C++ code style
[0.325s] -- Configured uncrustify additional arguments: 
[0.325s] -- Added test 'xmllint' to check XML markup files
[0.326s] -- Configuring done
[0.337s] -- Generating done
[0.342s] -- Build files have been written to: /home/dfc/chapt3/topic_ws/build/demo_cpp_topic
[0.360s] [35m[1mConsolidate compiler generated dependencies of target turtle_circle[0m
[0.366s] [ 25%] [32mBuilding CXX object CMakeFiles/turtle_control.dir/src/turtle_control.cpp.o[0m
[0.371s] [ 75%] Built target turtle_circle
[5.592s] [100%] [32m[1mLinking CXX executable turtle_control[0m
[5.853s] [100%] Built target turtle_control
[5.861s] Invoked command in '/home/dfc/chapt3/topic_ws/build/demo_cpp_topic' returned '0': CMAKE_PREFIX_PATH=${CMAKE_PREFIX_PATH}:/opt/ros/humble /usr/bin/cmake --build /home/dfc/chapt3/topic_ws/build/demo_cpp_topic -- -j8 -l8
[5.868s] Invoking command in '/home/dfc/chapt3/topic_ws/build/demo_cpp_topic': CMAKE_PREFIX_PATH=${CMAKE_PREFIX_PATH}:/opt/ros/humble /usr/bin/cmake --install /home/dfc/chapt3/topic_ws/build/demo_cpp_topic
[5.872s] -- Install configuration: ""
[5.872s] -- Up-to-date: /home/dfc/chapt3/topic_ws/install/demo_cpp_topic/lib/demo_cpp_topic/turtle_circle
[5.872s] -- Installing: /home/dfc/chapt3/topic_ws/install/demo_cpp_topic/lib/demo_cpp_topic/turtle_control
[5.874s] -- Set runtime path of "/home/dfc/chapt3/topic_ws/install/demo_cpp_topic/lib/demo_cpp_topic/turtle_control" to ""
[5.874s] -- Up-to-date: /home/dfc/chapt3/topic_ws/install/demo_cpp_topic/share/ament_index/resource_index/package_run_dependencies/demo_cpp_topic
[5.874s] -- Up-to-date: /home/dfc/chapt3/topic_ws/install/demo_cpp_topic/share/ament_index/resource_index/parent_prefix_path/demo_cpp_topic
[5.875s] -- Up-to-date: /home/dfc/chapt3/topic_ws/install/demo_cpp_topic/share/demo_cpp_topic/environment/ament_prefix_path.sh
[5.875s] -- Installing: /home/dfc/chapt3/topic_ws/install/demo_cpp_topic/share/demo_cpp_topic/environment/ament_prefix_path.dsv
[5.875s] -- Up-to-date: /home/dfc/chapt3/topic_ws/install/demo_cpp_topic/share/demo_cpp_topic/environment/path.sh
[5.875s] -- Installing: /home/dfc/chapt3/topic_ws/install/demo_cpp_topic/share/demo_cpp_topic/environment/path.dsv
[5.875s] -- Up-to-date: /home/dfc/chapt3/topic_ws/install/demo_cpp_topic/share/demo_cpp_topic/local_setup.bash
[5.875s] -- Up-to-date: /home/dfc/chapt3/topic_ws/install/demo_cpp_topic/share/demo_cpp_topic/local_setup.sh
[5.875s] -- Up-to-date: /home/dfc/chapt3/topic_ws/install/demo_cpp_topic/share/demo_cpp_topic/local_setup.zsh
[5.875s] -- Installing: /home/dfc/chapt3/topic_ws/install/demo_cpp_topic/share/demo_cpp_topic/local_setup.dsv
[5.875s] -- Installing: /home/dfc/chapt3/topic_ws/install/demo_cpp_topic/share/demo_cpp_topic/package.dsv
[5.875s] -- Up-to-date: /home/dfc/chapt3/topic_ws/install/demo_cpp_topic/share/ament_index/resource_index/packages/demo_cpp_topic
[5.875s] -- Up-to-date: /home/dfc/chapt3/topic_ws/install/demo_cpp_topic/share/demo_cpp_topic/cmake/demo_cpp_topicConfig.cmake
[5.875s] -- Up-to-date: /home/dfc/chapt3/topic_ws/install/demo_cpp_topic/share/demo_cpp_topic/cmake/demo_cpp_topicConfig-version.cmake
[5.875s] -- Up-to-date: /home/dfc/chapt3/topic_ws/install/demo_cpp_topic/share/demo_cpp_topic/package.xml
[5.876s] Invoked command in '/home/dfc/chapt3/topic_ws/build/demo_cpp_topic' returned '0': CMAKE_PREFIX_PATH=${CMAKE_PREFIX_PATH}:/opt/ros/humble /usr/bin/cmake --install /home/dfc/chapt3/topic_ws/build/demo_cpp_topic
