[0.566s] Invoking command in '/home/dfc/chapt3/topic_ws/src/demo_python_topic': PYTHONPATH=/home/dfc/chapt3/topic_ws/build/demo_python_topic/prefix_override:/usr/lib/python3/dist-packages/colcon_core/task/python/colcon_distutils_commands:/home/dfc/chapt3/topic_ws/install/demo_python_topic/lib/python3.10/site-packages:${PYTHONPATH} /usr/bin/python3 -W ignore:setup.py install is deprecated -W ignore:easy_install command is deprecated setup.py egg_info --egg-base ../../build/demo_python_topic build --build-base /home/dfc/chapt3/topic_ws/build/demo_python_topic/build install --record /home/dfc/chapt3/topic_ws/build/demo_python_topic/install.log --single-version-externally-managed install_data
[0.764s] running egg_info
[0.764s] creating ../../build/demo_python_topic/demo_python_topic.egg-info
[0.764s] writing ../../build/demo_python_topic/demo_python_topic.egg-info/PKG-INFO
[0.765s] writing dependency_links to ../../build/demo_python_topic/demo_python_topic.egg-info/dependency_links.txt
[0.765s] writing entry points to ../../build/demo_python_topic/demo_python_topic.egg-info/entry_points.txt
[0.766s] writing requirements to ../../build/demo_python_topic/demo_python_topic.egg-info/requires.txt
[0.766s] writing top-level names to ../../build/demo_python_topic/demo_python_topic.egg-info/top_level.txt
[0.766s] writing manifest file '../../build/demo_python_topic/demo_python_topic.egg-info/SOURCES.txt'
[0.767s] reading manifest file '../../build/demo_python_topic/demo_python_topic.egg-info/SOURCES.txt'
[0.767s] adding license file 'LICENSE'
[0.768s] writing manifest file '../../build/demo_python_topic/demo_python_topic.egg-info/SOURCES.txt'
[0.768s] running build
[0.768s] running build_py
[0.768s] creating /home/dfc/chapt3/topic_ws/build/demo_python_topic/build
[0.768s] creating /home/dfc/chapt3/topic_ws/build/demo_python_topic/build/lib
[0.768s] creating /home/dfc/chapt3/topic_ws/build/demo_python_topic/build/lib/demo_python_topic
[0.768s] copying demo_python_topic/__init__.py -> /home/dfc/chapt3/topic_ws/build/demo_python_topic/build/lib/demo_python_topic
[0.768s] running install
[0.768s] running install_lib
[0.769s] creating /home/dfc/chapt3/topic_ws/install/demo_python_topic/lib/python3.10/site-packages/demo_python_topic
[0.769s] copying /home/dfc/chapt3/topic_ws/build/demo_python_topic/build/lib/demo_python_topic/__init__.py -> /home/dfc/chapt3/topic_ws/install/demo_python_topic/lib/python3.10/site-packages/demo_python_topic
[0.770s] byte-compiling /home/dfc/chapt3/topic_ws/install/demo_python_topic/lib/python3.10/site-packages/demo_python_topic/__init__.py to __init__.cpython-310.pyc
[0.770s] running install_data
[0.770s] creating /home/dfc/chapt3/topic_ws/install/demo_python_topic/share/ament_index
[0.770s] creating /home/dfc/chapt3/topic_ws/install/demo_python_topic/share/ament_index/resource_index
[0.770s] creating /home/dfc/chapt3/topic_ws/install/demo_python_topic/share/ament_index/resource_index/packages
[0.770s] copying resource/demo_python_topic -> /home/dfc/chapt3/topic_ws/install/demo_python_topic/share/ament_index/resource_index/packages
[0.771s] copying package.xml -> /home/dfc/chapt3/topic_ws/install/demo_python_topic/share/demo_python_topic
[0.771s] running install_egg_info
[0.773s] Copying ../../build/demo_python_topic/demo_python_topic.egg-info to /home/dfc/chapt3/topic_ws/install/demo_python_topic/lib/python3.10/site-packages/demo_python_topic-0.0.0-py3.10.egg-info
[0.773s] running install_scripts
[0.801s] writing list of installed files to '/home/dfc/chapt3/topic_ws/build/demo_python_topic/install.log'
[0.817s] Invoked command in '/home/dfc/chapt3/topic_ws/src/demo_python_topic' returned '0': PYTHONPATH=/home/dfc/chapt3/topic_ws/build/demo_python_topic/prefix_override:/usr/lib/python3/dist-packages/colcon_core/task/python/colcon_distutils_commands:/home/dfc/chapt3/topic_ws/install/demo_python_topic/lib/python3.10/site-packages:${PYTHONPATH} /usr/bin/python3 -W ignore:setup.py install is deprecated -W ignore:easy_install command is deprecated setup.py egg_info --egg-base ../../build/demo_python_topic build --build-base /home/dfc/chapt3/topic_ws/build/demo_python_topic/build install --record /home/dfc/chapt3/topic_ws/build/demo_python_topic/install.log --single-version-externally-managed install_data
