[0.011s] Invoking command in '/home/dfc/chapt3/topic_practice_ws/build/status_display': AMENT_PREFIX_PATH=/home/dfc/chapt3/topic_practice_ws/install/status_interfaces:${AMENT_PREFIX_PATH} CMAKE_PREFIX_PATH=/home/dfc/chapt3/topic_practice_ws/install/status_interfaces:/home/dfc/ros2_ws/install/wpr_simulation2:/home/dfc/ros2_ws/install/lidar_pkg:/opt/ros/humble LD_LIBRARY_PATH=/home/dfc/chapt3/topic_practice_ws/install/status_interfaces/lib:${LD_LIBRARY_PATH} PYTHONPATH=/home/dfc/chapt3/topic_practice_ws/install/status_interfaces/local/lib/python3.10/dist-packages:${PYTHONPATH} /usr/bin/cmake --build /home/dfc/chapt3/topic_practice_ws/build/status_display -- -j8 -l8
[0.045s] -- Found ament_cmake: 1.3.14 (/opt/ros/humble/share/ament_cmake/cmake)
[0.162s] -- Found rclcpp: 16.0.19 (/opt/ros/humble/share/rclcpp/cmake)
[0.202s] -- Found rosidl_generator_c: 3.1.8 (/opt/ros/humble/share/rosidl_generator_c/cmake)
[0.205s] -- Found rosidl_adapter: 3.1.8 (/opt/ros/humble/share/rosidl_adapter/cmake)
[0.215s] -- Found rosidl_generator_cpp: 3.1.8 (/opt/ros/humble/share/rosidl_generator_cpp/cmake)
[0.227s] -- Using all available rosidl_typesupport_c: rosidl_typesupport_fastrtps_c;rosidl_typesupport_introspection_c
[0.240s] -- Using all available rosidl_typesupport_cpp: rosidl_typesupport_fastrtps_cpp;rosidl_typesupport_introspection_cpp
[0.285s] -- Found rmw_implementation_cmake: 6.1.2 (/opt/ros/humble/share/rmw_implementation_cmake/cmake)
[0.288s] -- Found rmw_fastrtps_cpp: 6.2.10 (/opt/ros/humble/share/rmw_fastrtps_cpp/cmake)
[0.373s] -- Using RMW implementation 'rmw_fastrtps_cpp' as default
[0.451s] -- Found status_interfaces: 0.0.0 (/home/dfc/chapt3/topic_practice_ws/install/status_interfaces/share/status_interfaces/cmake)
[0.482s] -- Found ament_lint_auto: 0.12.15 (/opt/ros/humble/share/ament_lint_auto/cmake)
[0.539s] -- Added test 'cppcheck' to perform static code analysis on C / C++ code
[0.539s] -- Configured cppcheck include dirs: 
[0.539s] -- Configured cppcheck exclude dirs and/or files: 
[0.540s] -- Added test 'lint_cmake' to check CMake code style
[0.541s] -- Added test 'uncrustify' to check C / C++ code style
[0.541s] -- Configured uncrustify additional arguments: 
[0.542s] -- Added test 'xmllint' to check XML markup files
[0.543s] -- Configuring done
[0.567s] -- Generating done
[0.569s] -- Build files have been written to: /home/dfc/chapt3/topic_practice_ws/build/status_display
[0.589s] [35m[1mConsolidate compiler generated dependencies of target hello_qt[0m
[0.596s] [ 25%] [32mBuilding CXX object CMakeFiles/sys_status_display.dir/src/sys_status_display.cpp.o[0m
[0.597s] [ 75%] Built target hello_qt
[8.494s] [100%] [32m[1mLinking CXX executable sys_status_display[0m
[9.170s] [100%] Built target sys_status_display
[9.177s] Invoked command in '/home/dfc/chapt3/topic_practice_ws/build/status_display' returned '0': AMENT_PREFIX_PATH=/home/dfc/chapt3/topic_practice_ws/install/status_interfaces:${AMENT_PREFIX_PATH} CMAKE_PREFIX_PATH=/home/dfc/chapt3/topic_practice_ws/install/status_interfaces:/home/dfc/ros2_ws/install/wpr_simulation2:/home/dfc/ros2_ws/install/lidar_pkg:/opt/ros/humble LD_LIBRARY_PATH=/home/dfc/chapt3/topic_practice_ws/install/status_interfaces/lib:${LD_LIBRARY_PATH} PYTHONPATH=/home/dfc/chapt3/topic_practice_ws/install/status_interfaces/local/lib/python3.10/dist-packages:${PYTHONPATH} /usr/bin/cmake --build /home/dfc/chapt3/topic_practice_ws/build/status_display -- -j8 -l8
[9.178s] Invoking command in '/home/dfc/chapt3/topic_practice_ws/build/status_display': AMENT_PREFIX_PATH=/home/dfc/chapt3/topic_practice_ws/install/status_interfaces:${AMENT_PREFIX_PATH} CMAKE_PREFIX_PATH=/home/dfc/chapt3/topic_practice_ws/install/status_interfaces:/home/dfc/ros2_ws/install/wpr_simulation2:/home/dfc/ros2_ws/install/lidar_pkg:/opt/ros/humble LD_LIBRARY_PATH=/home/dfc/chapt3/topic_practice_ws/install/status_interfaces/lib:${LD_LIBRARY_PATH} PYTHONPATH=/home/dfc/chapt3/topic_practice_ws/install/status_interfaces/local/lib/python3.10/dist-packages:${PYTHONPATH} /usr/bin/cmake --install /home/dfc/chapt3/topic_practice_ws/build/status_display
[9.183s] -- Install configuration: ""
[9.185s] -- Up-to-date: /home/dfc/chapt3/topic_practice_ws/install/status_display/lib/status_display/hello_qt
[9.185s] -- Installing: /home/dfc/chapt3/topic_practice_ws/install/status_display/lib/status_display/sys_status_display
[9.188s] -- Set runtime path of "/home/dfc/chapt3/topic_practice_ws/install/status_display/lib/status_display/sys_status_display" to ""
[9.188s] -- Up-to-date: /home/dfc/chapt3/topic_practice_ws/install/status_display/share/ament_index/resource_index/package_run_dependencies/status_display
[9.188s] -- Up-to-date: /home/dfc/chapt3/topic_practice_ws/install/status_display/share/ament_index/resource_index/parent_prefix_path/status_display
[9.188s] -- Up-to-date: /home/dfc/chapt3/topic_practice_ws/install/status_display/share/status_display/environment/ament_prefix_path.sh
[9.188s] -- Installing: /home/dfc/chapt3/topic_practice_ws/install/status_display/share/status_display/environment/ament_prefix_path.dsv
[9.188s] -- Up-to-date: /home/dfc/chapt3/topic_practice_ws/install/status_display/share/status_display/environment/path.sh
[9.188s] -- Installing: /home/dfc/chapt3/topic_practice_ws/install/status_display/share/status_display/environment/path.dsv
[9.188s] -- Up-to-date: /home/dfc/chapt3/topic_practice_ws/install/status_display/share/status_display/local_setup.bash
[9.188s] -- Up-to-date: /home/dfc/chapt3/topic_practice_ws/install/status_display/share/status_display/local_setup.sh
[9.189s] -- Up-to-date: /home/dfc/chapt3/topic_practice_ws/install/status_display/share/status_display/local_setup.zsh
[9.189s] -- Installing: /home/dfc/chapt3/topic_practice_ws/install/status_display/share/status_display/local_setup.dsv
[9.189s] -- Installing: /home/dfc/chapt3/topic_practice_ws/install/status_display/share/status_display/package.dsv
[9.189s] -- Up-to-date: /home/dfc/chapt3/topic_practice_ws/install/status_display/share/ament_index/resource_index/packages/status_display
[9.189s] -- Up-to-date: /home/dfc/chapt3/topic_practice_ws/install/status_display/share/status_display/cmake/status_displayConfig.cmake
[9.189s] -- Up-to-date: /home/dfc/chapt3/topic_practice_ws/install/status_display/share/status_display/cmake/status_displayConfig-version.cmake
[9.189s] -- Up-to-date: /home/dfc/chapt3/topic_practice_ws/install/status_display/share/status_display/package.xml
[9.190s] Invoked command in '/home/dfc/chapt3/topic_practice_ws/build/status_display' returned '0': AMENT_PREFIX_PATH=/home/dfc/chapt3/topic_practice_ws/install/status_interfaces:${AMENT_PREFIX_PATH} CMAKE_PREFIX_PATH=/home/dfc/chapt3/topic_practice_ws/install/status_interfaces:/home/dfc/ros2_ws/install/wpr_simulation2:/home/dfc/ros2_ws/install/lidar_pkg:/opt/ros/humble LD_LIBRARY_PATH=/home/dfc/chapt3/topic_practice_ws/install/status_interfaces/lib:${LD_LIBRARY_PATH} PYTHONPATH=/home/dfc/chapt3/topic_practice_ws/install/status_interfaces/local/lib/python3.10/dist-packages:${PYTHONPATH} /usr/bin/cmake --install /home/dfc/chapt3/topic_practice_ws/build/status_display
